{"C:\\Users\\lucas\\OneDrive\\Documents\\informatique\\react-native-apps\\hulu-react-native-ts\\server\\src\\app.ts": {"path":"C:\\Users\\lucas\\OneDrive\\Documents\\informatique\\react-native-apps\\hulu-react-native-ts\\server\\src\\app.ts","statementMap":{"0":{"start":{"line":1,"column":0},"end":{"line":1,"column":30}},"1":{"start":{"line":2,"column":0},"end":{"line":2,"column":24}},"2":{"start":{"line":4,"column":0},"end":{"line":4,"column":53}},"3":{"start":{"line":5,"column":0},"end":{"line":5,"column":55}},"4":{"start":{"line":7,"column":28},"end":{"line":18,"column":1}},"5":{"start":{"line":8,"column":14},"end":{"line":8,"column":23}},"6":{"start":{"line":10,"column":2},"end":{"line":10,"column":26}},"7":{"start":{"line":11,"column":2},"end":{"line":11,"column":33}},"8":{"start":{"line":14,"column":2},"end":{"line":14,"column":22}},"9":{"start":{"line":15,"column":2},"end":{"line":15,"column":23}},"10":{"start":{"line":17,"column":2},"end":{"line":17,"column":13}},"11":{"start":{"line":7,"column":13},"end":{"line":7,"column":28}}},"fnMap":{"0":{"name":"(anonymous_1)","decl":{"start":{"line":7,"column":28},"end":{"line":7,"column":31}},"loc":{"start":{"line":7,"column":33},"end":{"line":18,"column":1}}}},"branchMap":{},"s":{"0":2,"1":2,"2":2,"3":2,"4":2,"5":2,"6":2,"7":2,"8":2,"9":2,"10":2,"11":2},"f":{"0":2},"b":{}}
,"C:\\Users\\lucas\\OneDrive\\Documents\\informatique\\react-native-apps\\hulu-react-native-ts\\server\\src\\controllers\\movie.ts": {"path":"C:\\Users\\lucas\\OneDrive\\Documents\\informatique\\react-native-apps\\hulu-react-native-ts\\server\\src\\controllers\\movie.ts","statementMap":{"0":{"start":{"line":3,"column":0},"end":{"line":3,"column":null}},"1":{"start":{"line":10,"column":28},"end":{"line":17,"column":1}},"2":{"start":{"line":11,"column":21},"end":{"line":11,"column":31}},"3":{"start":{"line":12,"column":22},"end":{"line":12,"column":30}},"4":{"start":{"line":14,"column":23},"end":{"line":14,"column":55}},"5":{"start":{"line":16,"column":2},"end":{"line":16,"column":28}},"6":{"start":{"line":38,"column":9},"end":{"line":38,"column":28}},"7":{"start":{"line":20,"column":30},"end":{"line":27,"column":1}},"8":{"start":{"line":21,"column":21},"end":{"line":21,"column":31}},"9":{"start":{"line":22,"column":22},"end":{"line":22,"column":30}},"10":{"start":{"line":24,"column":23},"end":{"line":24,"column":57}},"11":{"start":{"line":26,"column":2},"end":{"line":26,"column":28}},"12":{"start":{"line":38,"column":30},"end":{"line":38,"column":51}},"13":{"start":{"line":30,"column":33},"end":{"line":36,"column":1}},"14":{"start":{"line":31,"column":21},"end":{"line":31,"column":31}},"15":{"start":{"line":33,"column":23},"end":{"line":33,"column":51}},"16":{"start":{"line":35,"column":2},"end":{"line":35,"column":28}},"17":{"start":{"line":38,"column":53},"end":{"line":38,"column":77}}},"fnMap":{"0":{"name":"(anonymous_0)","decl":{"start":{"line":10,"column":28},"end":{"line":10,"column":33}},"loc":{"start":{"line":10,"column":66},"end":{"line":17,"column":1}}},"1":{"name":"(anonymous_1)","decl":{"start":{"line":20,"column":30},"end":{"line":20,"column":35}},"loc":{"start":{"line":20,"column":68},"end":{"line":27,"column":1}}},"2":{"name":"(anonymous_2)","decl":{"start":{"line":30,"column":33},"end":{"line":30,"column":38}},"loc":{"start":{"line":30,"column":71},"end":{"line":36,"column":1}}}},"branchMap":{},"s":{"0":2,"1":2,"2":4,"3":4,"4":4,"5":4,"6":2,"7":2,"8":2,"9":2,"10":2,"11":2,"12":2,"13":2,"14":3,"15":3,"16":3,"17":2},"f":{"0":4,"1":2,"2":3},"b":{}}
,"C:\\Users\\lucas\\OneDrive\\Documents\\informatique\\react-native-apps\\hulu-react-native-ts\\server\\src\\controllers\\user.ts": {"path":"C:\\Users\\lucas\\OneDrive\\Documents\\informatique\\react-native-apps\\hulu-react-native-ts\\server\\src\\controllers\\user.ts","statementMap":{"0":{"start":{"line":1,"column":0},"end":{"line":1,"column":59}},"1":{"start":{"line":5,"column":0},"end":{"line":5,"column":64}},"2":{"start":{"line":7,"column":24},"end":{"line":13,"column":1}},"3":{"start":{"line":8,"column":30},"end":{"line":8,"column":38}},"4":{"start":{"line":10,"column":23},"end":{"line":10,"column":53}},"5":{"start":{"line":12,"column":2},"end":{"line":12,"column":28}},"6":{"start":{"line":37,"column":9},"end":{"line":37,"column":24}},"7":{"start":{"line":15,"column":27},"end":{"line":21,"column":1}},"8":{"start":{"line":16,"column":43},"end":{"line":16,"column":51}},"9":{"start":{"line":18,"column":23},"end":{"line":18,"column":64}},"10":{"start":{"line":20,"column":2},"end":{"line":20,"column":28}},"11":{"start":{"line":37,"column":26},"end":{"line":37,"column":44}},"12":{"start":{"line":23,"column":33},"end":{"line":35,"column":1}},"13":{"start":{"line":24,"column":21},"end":{"line":24,"column":31}},"14":{"start":{"line":26,"column":60},"end":{"line":26,"column":68}},"15":{"start":{"line":28,"column":23},"end":{"line":31,"column":null}},"16":{"start":{"line":34,"column":2},"end":{"line":34,"column":28}},"17":{"start":{"line":37,"column":46},"end":{"line":37,"column":70}}},"fnMap":{"0":{"name":"(anonymous_0)","decl":{"start":{"line":7,"column":24},"end":{"line":7,"column":29}},"loc":{"start":{"line":7,"column":62},"end":{"line":13,"column":1}}},"1":{"name":"(anonymous_1)","decl":{"start":{"line":15,"column":27},"end":{"line":15,"column":32}},"loc":{"start":{"line":15,"column":65},"end":{"line":21,"column":1}}},"2":{"name":"(anonymous_2)","decl":{"start":{"line":23,"column":33},"end":{"line":23,"column":38}},"loc":{"start":{"line":23,"column":71},"end":{"line":35,"column":1}}}},"branchMap":{},"s":{"0":2,"1":2,"2":2,"3":4,"4":4,"5":4,"6":2,"7":2,"8":12,"9":12,"10":12,"11":2,"12":2,"13":3,"14":3,"15":3,"16":3,"17":2},"f":{"0":4,"1":12,"2":3},"b":{}}
,"C:\\Users\\lucas\\OneDrive\\Documents\\informatique\\react-native-apps\\hulu-react-native-ts\\server\\src\\helpers\\createUser.ts": {"path":"C:\\Users\\lucas\\OneDrive\\Documents\\informatique\\react-native-apps\\hulu-react-native-ts\\server\\src\\helpers\\createUser.ts","statementMap":{"0":{"start":{"line":1,"column":0},"end":{"line":1,"column":28}},"1":{"start":{"line":4,"column":0},"end":{"line":4,"column":34}},"2":{"start":{"line":6,"column":26},"end":{"line":26,"column":1}},"3":{"start":{"line":12,"column":31},"end":{"line":12,"column":62}},"4":{"start":{"line":15,"column":25},"end":{"line":20,"column":4}},"5":{"start":{"line":23,"column":2},"end":{"line":23,"column":17}},"6":{"start":{"line":25,"column":2},"end":{"line":25,"column":71}},"7":{"start":{"line":6,"column":13},"end":{"line":6,"column":26}}},"fnMap":{"0":{"name":"(anonymous_1)","decl":{"start":{"line":6,"column":26},"end":{"line":6,"column":31}},"loc":{"start":{"line":10,"column":4},"end":{"line":26,"column":1}}}},"branchMap":{},"s":{"0":2,"1":2,"2":2,"3":11,"4":11,"5":11,"6":11,"7":2},"f":{"0":11},"b":{}}
,"C:\\Users\\lucas\\OneDrive\\Documents\\informatique\\react-native-apps\\hulu-react-native-ts\\server\\src\\helpers\\fetchSavedMovies.ts": {"path":"C:\\Users\\lucas\\OneDrive\\Documents\\informatique\\react-native-apps\\hulu-react-native-ts\\server\\src\\helpers\\fetchSavedMovies.ts","statementMap":{"0":{"start":{"line":1,"column":0},"end":{"line":1,"column":26}},"1":{"start":{"line":2,"column":32},"end":{"line":13,"column":1}},"2":{"start":{"line":3,"column":22},"end":{"line":9,"column":null}},"3":{"start":{"line":5,"column":23},"end":{"line":6,"column":null}},"4":{"start":{"line":8,"column":6},"end":{"line":8,"column":18}},"5":{"start":{"line":12,"column":2},"end":{"line":12,"column":21}},"6":{"start":{"line":2,"column":13},"end":{"line":2,"column":32}}},"fnMap":{"0":{"name":"(anonymous_1)","decl":{"start":{"line":2,"column":32},"end":{"line":2,"column":37}},"loc":{"start":{"line":2,"column":61},"end":{"line":13,"column":1}}},"1":{"name":"(anonymous_2)","decl":{"start":{"line":4,"column":17},"end":{"line":4,"column":22}},"loc":{"start":{"line":4,"column":30},"end":{"line":9,"column":5}}}},"branchMap":{},"s":{"0":2,"1":2,"2":0,"3":0,"4":0,"5":0,"6":2},"f":{"0":0,"1":0},"b":{}}
,"C:\\Users\\lucas\\OneDrive\\Documents\\informatique\\react-native-apps\\hulu-react-native-ts\\server\\src\\helpers\\passwordValidation.ts": {"path":"C:\\Users\\lucas\\OneDrive\\Documents\\informatique\\react-native-apps\\hulu-react-native-ts\\server\\src\\helpers\\passwordValidation.ts","statementMap":{"0":{"start":{"line":1,"column":0},"end":{"line":1,"column":28}},"1":{"start":{"line":3,"column":34},"end":{"line":21,"column":1}},"2":{"start":{"line":7,"column":34},"end":{"line":9,"column":null}},"3":{"start":{"line":13,"column":2},"end":{"line":16,"column":null}},"4":{"start":{"line":14,"column":4},"end":{"line":14,"column":41}},"5":{"start":{"line":15,"column":4},"end":{"line":15,"column":17}},"6":{"start":{"line":19,"column":2},"end":{"line":19,"column":37}},"7":{"start":{"line":20,"column":2},"end":{"line":20,"column":14}},"8":{"start":{"line":3,"column":13},"end":{"line":3,"column":34}}},"fnMap":{"0":{"name":"(anonymous_1)","decl":{"start":{"line":3,"column":34},"end":{"line":3,"column":39}},"loc":{"start":{"line":6,"column":34},"end":{"line":21,"column":1}}}},"branchMap":{"0":{"loc":{"start":{"line":13,"column":2},"end":{"line":16,"column":null}},"type":"if","locations":[{"start":{"line":13,"column":2},"end":{"line":16,"column":null}}]}},"s":{"0":3,"1":3,"2":6,"3":6,"4":3,"5":3,"6":3,"7":3,"8":3},"f":{"0":6},"b":{"0":[3]}}
,"C:\\Users\\lucas\\OneDrive\\Documents\\informatique\\react-native-apps\\hulu-react-native-ts\\server\\src\\helpers\\searchUserByEmail.ts": {"path":"C:\\Users\\lucas\\OneDrive\\Documents\\informatique\\react-native-apps\\hulu-react-native-ts\\server\\src\\helpers\\searchUserByEmail.ts","statementMap":{"0":{"start":{"line":2,"column":0},"end":{"line":2,"column":34}},"1":{"start":{"line":4,"column":33},"end":{"line":17,"column":1}},"2":{"start":{"line":7,"column":15},"end":{"line":7,"column":41}},"3":{"start":{"line":10,"column":2},"end":{"line":16,"column":null}},"4":{"start":{"line":11,"column":4},"end":{"line":11,"column":34}},"5":{"start":{"line":12,"column":4},"end":{"line":12,"column":35}},"6":{"start":{"line":14,"column":4},"end":{"line":14,"column":32}},"7":{"start":{"line":15,"column":4},"end":{"line":15,"column":40}},"8":{"start":{"line":4,"column":13},"end":{"line":4,"column":33}}},"fnMap":{"0":{"name":"(anonymous_1)","decl":{"start":{"line":4,"column":33},"end":{"line":4,"column":38}},"loc":{"start":{"line":6,"column":26},"end":{"line":17,"column":1}}}},"branchMap":{"0":{"loc":{"start":{"line":10,"column":2},"end":{"line":16,"column":null}},"type":"if","locations":[{"start":{"line":10,"column":2},"end":{"line":16,"column":null}},{"start":{"line":13,"column":9},"end":{"line":16,"column":null}}]}},"s":{"0":2,"1":2,"2":16,"3":16,"4":13,"5":13,"6":3,"7":3,"8":2},"f":{"0":16},"b":{"0":[13,3]}}
,"C:\\Users\\lucas\\OneDrive\\Documents\\informatique\\react-native-apps\\hulu-react-native-ts\\server\\src\\helpers\\searchUserById.ts": {"path":"C:\\Users\\lucas\\OneDrive\\Documents\\informatique\\react-native-apps\\hulu-react-native-ts\\server\\src\\helpers\\searchUserById.ts","statementMap":{"0":{"start":{"line":2,"column":0},"end":{"line":2,"column":34}},"1":{"start":{"line":4,"column":30},"end":{"line":8,"column":1}},"2":{"start":{"line":5,"column":29},"end":{"line":5,"column":56}},"3":{"start":{"line":7,"column":2},"end":{"line":7,"column":14}},"4":{"start":{"line":4,"column":13},"end":{"line":4,"column":30}}},"fnMap":{"0":{"name":"(anonymous_1)","decl":{"start":{"line":4,"column":30},"end":{"line":4,"column":35}},"loc":{"start":{"line":4,"column":55},"end":{"line":8,"column":1}}}},"branchMap":{},"s":{"0":2,"1":2,"2":6,"3":4,"4":2},"f":{"0":6},"b":{}}
,"C:\\Users\\lucas\\OneDrive\\Documents\\informatique\\react-native-apps\\hulu-react-native-ts\\server\\src\\models\\User.ts": {"path":"C:\\Users\\lucas\\OneDrive\\Documents\\informatique\\react-native-apps\\hulu-react-native-ts\\server\\src\\models\\User.ts","statementMap":{"0":{"start":{"line":1,"column":0},"end":{"line":1,"column":49}},"1":{"start":{"line":5,"column":27},"end":{"line":10,"column":2}},"2":{"start":{"line":12,"column":0},"end":{"line":12,"column":63}}},"fnMap":{},"branchMap":{"0":{"loc":{"start":{"line":12,"column":15},"end":{"line":12,"column":62}},"type":"binary-expr","locations":[{"start":{"line":12,"column":15},"end":{"line":12,"column":26}},{"start":{"line":12,"column":30},"end":{"line":12,"column":62}}]}},"s":{"0":2,"1":2,"2":2},"f":{},"b":{"0":[2,2]}}
,"C:\\Users\\lucas\\OneDrive\\Documents\\informatique\\react-native-apps\\hulu-react-native-ts\\server\\src\\routes\\movie.ts": {"path":"C:\\Users\\lucas\\OneDrive\\Documents\\informatique\\react-native-apps\\hulu-react-native-ts\\server\\src\\routes\\movie.ts","statementMap":{"0":{"start":{"line":1,"column":0},"end":{"line":1,"column":42}},"1":{"start":{"line":3,"column":0},"end":{"line":3,"column":null}},"2":{"start":{"line":9,"column":13},"end":{"line":9,"column":47}},"3":{"start":{"line":11,"column":0},"end":{"line":11,"column":56}},"4":{"start":{"line":12,"column":0},"end":{"line":12,"column":60}},"5":{"start":{"line":13,"column":0},"end":{"line":13,"column":62}}},"fnMap":{},"branchMap":{},"s":{"0":2,"1":2,"2":2,"3":2,"4":2,"5":2},"f":{},"b":{}}
,"C:\\Users\\lucas\\OneDrive\\Documents\\informatique\\react-native-apps\\hulu-react-native-ts\\server\\src\\routes\\user.ts": {"path":"C:\\Users\\lucas\\OneDrive\\Documents\\informatique\\react-native-apps\\hulu-react-native-ts\\server\\src\\routes\\user.ts","statementMap":{"0":{"start":{"line":1,"column":0},"end":{"line":1,"column":42}},"1":{"start":{"line":3,"column":0},"end":{"line":3,"column":null}},"2":{"start":{"line":9,"column":13},"end":{"line":9,"column":47}},"3":{"start":{"line":11,"column":0},"end":{"line":11,"column":39}},"4":{"start":{"line":12,"column":0},"end":{"line":12,"column":45}},"5":{"start":{"line":13,"column":0},"end":{"line":13,"column":66}}},"fnMap":{},"branchMap":{},"s":{"0":2,"1":2,"2":2,"3":2,"4":2,"5":2},"f":{},"b":{}}
,"C:\\Users\\lucas\\OneDrive\\Documents\\informatique\\react-native-apps\\hulu-react-native-ts\\server\\src\\services\\movieService.ts": {"path":"C:\\Users\\lucas\\OneDrive\\Documents\\informatique\\react-native-apps\\hulu-react-native-ts\\server\\src\\services\\movieService.ts","statementMap":{"0":{"start":{"line":1,"column":0},"end":{"line":1,"column":65}},"1":{"start":{"line":2,"column":0},"end":{"line":2,"column":61}},"2":{"start":{"line":3,"column":0},"end":{"line":3,"column":34}},"3":{"start":{"line":5,"column":25},"end":{"line":17,"column":1}},"4":{"start":{"line":6,"column":2},"end":{"line":16,"column":null}},"5":{"start":{"line":7,"column":4},"end":{"line":9,"column":7}},"6":{"start":{"line":11,"column":4},"end":{"line":13,"column":6}},"7":{"start":{"line":15,"column":4},"end":{"line":15,"column":65}},"8":{"start":{"line":5,"column":13},"end":{"line":5,"column":25}},"9":{"start":{"line":19,"column":27},"end":{"line":33,"column":1}},"10":{"start":{"line":20,"column":2},"end":{"line":32,"column":null}},"11":{"start":{"line":21,"column":4},"end":{"line":23,"column":7}},"12":{"start":{"line":25,"column":4},"end":{"line":27,"column":6}},"13":{"start":{"line":29,"column":4},"end":{"line":31,"column":6}},"14":{"start":{"line":19,"column":13},"end":{"line":19,"column":27}},"15":{"start":{"line":35,"column":30},"end":{"line":54,"column":1}},"16":{"start":{"line":36,"column":2},"end":{"line":53,"column":null}},"17":{"start":{"line":37,"column":17},"end":{"line":37,"column":45}},"18":{"start":{"line":40,"column":4},"end":{"line":42,"column":null}},"19":{"start":{"line":41,"column":6},"end":{"line":41,"column":79}},"20":{"start":{"line":44,"column":4},"end":{"line":46,"column":null}},"21":{"start":{"line":45,"column":6},"end":{"line":45,"column":61}},"22":{"start":{"line":48,"column":24},"end":{"line":48,"column":66}},"23":{"start":{"line":50,"column":4},"end":{"line":50,"column":55}},"24":{"start":{"line":52,"column":4},"end":{"line":52,"column":65}},"25":{"start":{"line":35,"column":13},"end":{"line":35,"column":30}}},"fnMap":{"0":{"name":"(anonymous_1)","decl":{"start":{"line":5,"column":25},"end":{"line":5,"column":30}},"loc":{"start":{"line":5,"column":67},"end":{"line":17,"column":1}}},"1":{"name":"(anonymous_2)","decl":{"start":{"line":19,"column":27},"end":{"line":19,"column":32}},"loc":{"start":{"line":19,"column":69},"end":{"line":33,"column":1}}},"2":{"name":"(anonymous_3)","decl":{"start":{"line":35,"column":30},"end":{"line":35,"column":35}},"loc":{"start":{"line":35,"column":55},"end":{"line":54,"column":1}}}},"branchMap":{"0":{"loc":{"start":{"line":40,"column":4},"end":{"line":42,"column":null}},"type":"if","locations":[{"start":{"line":40,"column":4},"end":{"line":42,"column":null}}]},"1":{"loc":{"start":{"line":44,"column":4},"end":{"line":46,"column":null}},"type":"if","locations":[{"start":{"line":44,"column":4},"end":{"line":46,"column":null}}]}},"s":{"0":2,"1":2,"2":2,"3":2,"4":4,"5":4,"6":3,"7":1,"8":2,"9":2,"10":2,"11":2,"12":1,"13":1,"14":2,"15":2,"16":3,"17":3,"18":2,"19":0,"20":2,"21":1,"22":1,"23":1,"24":1,"25":2},"f":{"0":4,"1":2,"2":3},"b":{"0":[0],"1":[1]}}
,"C:\\Users\\lucas\\OneDrive\\Documents\\informatique\\react-native-apps\\hulu-react-native-ts\\server\\src\\services\\userService.ts": {"path":"C:\\Users\\lucas\\OneDrive\\Documents\\informatique\\react-native-apps\\hulu-react-native-ts\\server\\src\\services\\userService.ts","statementMap":{"0":{"start":{"line":1,"column":0},"end":{"line":1,"column":28}},"1":{"start":{"line":3,"column":0},"end":{"line":3,"column":61}},"2":{"start":{"line":4,"column":0},"end":{"line":4,"column":65}},"3":{"start":{"line":5,"column":0},"end":{"line":5,"column":67}},"4":{"start":{"line":6,"column":0},"end":{"line":6,"column":51}},"5":{"start":{"line":8,"column":28},"end":{"line":31,"column":1}},"6":{"start":{"line":13,"column":27},"end":{"line":13,"column":57}},"7":{"start":{"line":15,"column":2},"end":{"line":18,"column":null}},"8":{"start":{"line":16,"column":4},"end":{"line":16,"column":45}},"9":{"start":{"line":17,"column":4},"end":{"line":17,"column":79}},"10":{"start":{"line":20,"column":36},"end":{"line":20,"column":75}},"11":{"start":{"line":22,"column":2},"end":{"line":22,"column":41}},"12":{"start":{"line":23,"column":2},"end":{"line":30,"column":4}},"13":{"start":{"line":8,"column":13},"end":{"line":8,"column":28}},"14":{"start":{"line":33,"column":23},"end":{"line":67,"column":1}},"15":{"start":{"line":35,"column":33},"end":{"line":35,"column":63}},"16":{"start":{"line":38,"column":2},"end":{"line":42,"column":null}},"17":{"start":{"line":39,"column":4},"end":{"line":41,"column":6}},"18":{"start":{"line":45,"column":39},"end":{"line":47,"column":null}},"19":{"start":{"line":51,"column":2},"end":{"line":56,"column":null}},"20":{"start":{"line":52,"column":4},"end":{"line":52,"column":41}},"21":{"start":{"line":53,"column":4},"end":{"line":55,"column":6}},"22":{"start":{"line":59,"column":2},"end":{"line":66,"column":4}},"23":{"start":{"line":33,"column":13},"end":{"line":33,"column":23}},"24":{"start":{"line":69,"column":30},"end":{"line":118,"column":1}},"25":{"start":{"line":74,"column":2},"end":{"line":117,"column":null}},"26":{"start":{"line":75,"column":17},"end":{"line":75,"column":45}},"27":{"start":{"line":77,"column":4},"end":{"line":79,"column":null}},"28":{"start":{"line":78,"column":6},"end":{"line":78,"column":49}},"29":{"start":{"line":82,"column":41},"end":{"line":84,"column":null}},"30":{"start":{"line":88,"column":4},"end":{"line":91,"column":null}},"31":{"start":{"line":89,"column":6},"end":{"line":89,"column":43}},"32":{"start":{"line":90,"column":6},"end":{"line":90,"column":77}},"33":{"start":{"line":95,"column":33},"end":{"line":95,"column":67}},"34":{"start":{"line":98,"column":4},"end":{"line":100,"column":7}},"35":{"start":{"line":102,"column":4},"end":{"line":107,"column":6}},"36":{"start":{"line":109,"column":4},"end":{"line":109,"column":31}},"37":{"start":{"line":111,"column":4},"end":{"line":116,"column":6}},"38":{"start":{"line":69,"column":13},"end":{"line":69,"column":30}}},"fnMap":{"0":{"name":"(anonymous_1)","decl":{"start":{"line":8,"column":28},"end":{"line":8,"column":33}},"loc":{"start":{"line":12,"column":4},"end":{"line":31,"column":1}}},"1":{"name":"(anonymous_2)","decl":{"start":{"line":33,"column":23},"end":{"line":33,"column":28}},"loc":{"start":{"line":33,"column":65},"end":{"line":67,"column":1}}},"2":{"name":"(anonymous_3)","decl":{"start":{"line":69,"column":30},"end":{"line":69,"column":35}},"loc":{"start":{"line":73,"column":4},"end":{"line":118,"column":1}}}},"branchMap":{"0":{"loc":{"start":{"line":15,"column":2},"end":{"line":18,"column":null}},"type":"if","locations":[{"start":{"line":15,"column":2},"end":{"line":18,"column":null}}]},"1":{"loc":{"start":{"line":38,"column":2},"end":{"line":42,"column":null}},"type":"if","locations":[{"start":{"line":38,"column":2},"end":{"line":42,"column":null}}]},"2":{"loc":{"start":{"line":51,"column":2},"end":{"line":56,"column":null}},"type":"if","locations":[{"start":{"line":51,"column":2},"end":{"line":56,"column":null}}]},"3":{"loc":{"start":{"line":77,"column":4},"end":{"line":79,"column":null}},"type":"if","locations":[{"start":{"line":77,"column":4},"end":{"line":79,"column":null}}]},"4":{"loc":{"start":{"line":88,"column":4},"end":{"line":91,"column":null}},"type":"if","locations":[{"start":{"line":88,"column":4},"end":{"line":91,"column":null}}]}},"s":{"0":2,"1":2,"2":2,"3":2,"4":2,"5":2,"6":12,"7":12,"8":1,"9":1,"10":11,"11":11,"12":11,"13":2,"14":2,"15":4,"16":4,"17":2,"18":2,"19":2,"20":1,"21":1,"22":1,"23":2,"24":2,"25":3,"26":3,"27":2,"28":0,"29":2,"30":2,"31":1,"32":1,"33":1,"34":1,"35":1,"36":1,"37":1,"38":2},"f":{"0":12,"1":4,"2":3},"b":{"0":[1],"1":[2],"2":[1],"3":[0],"4":[1]}}
,"C:\\Users\\lucas\\OneDrive\\Documents\\informatique\\react-native-apps\\hulu-react-native-ts\\server\\src\\tests\\config\\db-handler.ts": {"path":"C:\\Users\\lucas\\OneDrive\\Documents\\informatique\\react-native-apps\\hulu-react-native-ts\\server\\src\\tests\\config\\db-handler.ts","statementMap":{"0":{"start":{"line":1,"column":0},"end":{"line":1,"column":32}},"1":{"start":{"line":2,"column":0},"end":{"line":2,"column":58}},"2":{"start":{"line":4,"column":18},"end":{"line":4,"column":27}},"3":{"start":{"line":9,"column":31},"end":{"line":21,"column":1}},"4":{"start":{"line":10,"column":2},"end":{"line":10,"column":44}},"5":{"start":{"line":11,"column":14},"end":{"line":11,"column":29}},"6":{"start":{"line":13,"column":28},"end":{"line":18,"column":4}},"7":{"start":{"line":20,"column":2},"end":{"line":20,"column":44}},"8":{"start":{"line":9,"column":13},"end":{"line":9,"column":31}},"9":{"start":{"line":26,"column":29},"end":{"line":32,"column":1}},"10":{"start":{"line":27,"column":2},"end":{"line":31,"column":null}},"11":{"start":{"line":28,"column":4},"end":{"line":28,"column":45}},"12":{"start":{"line":29,"column":4},"end":{"line":29,"column":38}},"13":{"start":{"line":30,"column":4},"end":{"line":30,"column":24}},"14":{"start":{"line":26,"column":13},"end":{"line":26,"column":29}},"15":{"start":{"line":37,"column":29},"end":{"line":46,"column":1}},"16":{"start":{"line":38,"column":2},"end":{"line":45,"column":null}},"17":{"start":{"line":39,"column":24},"end":{"line":39,"column":55}},"18":{"start":{"line":41,"column":4},"end":{"line":44,"column":null}},"19":{"start":{"line":42,"column":25},"end":{"line":42,"column":41}},"20":{"start":{"line":43,"column":6},"end":{"line":43,"column":38}},"21":{"start":{"line":37,"column":13},"end":{"line":37,"column":29}}},"fnMap":{"0":{"name":"(anonymous_1)","decl":{"start":{"line":9,"column":31},"end":{"line":9,"column":36}},"loc":{"start":{"line":9,"column":42},"end":{"line":21,"column":1}}},"1":{"name":"(anonymous_2)","decl":{"start":{"line":26,"column":29},"end":{"line":26,"column":34}},"loc":{"start":{"line":26,"column":40},"end":{"line":32,"column":1}}},"2":{"name":"(anonymous_3)","decl":{"start":{"line":37,"column":29},"end":{"line":37,"column":34}},"loc":{"start":{"line":37,"column":40},"end":{"line":46,"column":1}}}},"branchMap":{"0":{"loc":{"start":{"line":27,"column":2},"end":{"line":31,"column":null}},"type":"if","locations":[{"start":{"line":27,"column":2},"end":{"line":31,"column":null}}]},"1":{"loc":{"start":{"line":38,"column":2},"end":{"line":45,"column":null}},"type":"if","locations":[{"start":{"line":38,"column":2},"end":{"line":45,"column":null}}]}},"s":{"0":2,"1":2,"2":2,"3":2,"4":2,"5":2,"6":2,"7":2,"8":2,"9":2,"10":2,"11":2,"12":2,"13":2,"14":2,"15":2,"16":16,"17":16,"18":16,"19":16,"20":16,"21":2},"f":{"0":2,"1":2,"2":16},"b":{"0":[2],"1":[16]}}
,"C:\\Users\\lucas\\OneDrive\\Documents\\informatique\\react-native-apps\\hulu-react-native-ts\\server\\src\\tests\\movie\\data.ts": {"path":"C:\\Users\\lucas\\OneDrive\\Documents\\informatique\\react-native-apps\\hulu-react-native-ts\\server\\src\\tests\\movie\\data.ts","statementMap":{"0":{"start":{"line":1,"column":13},"end":{"line":4,"column":2}},"1":{"start":{"line":6,"column":13},"end":{"line":9,"column":2}},"2":{"start":{"line":11,"column":13},"end":{"line":11,"column":79}},"3":{"start":{"line":13,"column":13},"end":{"line":16,"column":2}},"4":{"start":{"line":18,"column":13},"end":{"line":21,"column":2}},"5":{"start":{"line":23,"column":13},"end":{"line":27,"column":2}}},"fnMap":{},"branchMap":{},"s":{"0":1,"1":1,"2":1,"3":1,"4":1,"5":1},"f":{},"b":{}}
,"C:\\Users\\lucas\\OneDrive\\Documents\\informatique\\react-native-apps\\hulu-react-native-ts\\server\\src\\tests\\user\\data.ts": {"path":"C:\\Users\\lucas\\OneDrive\\Documents\\informatique\\react-native-apps\\hulu-react-native-ts\\server\\src\\tests\\user\\data.ts","statementMap":{"0":{"start":{"line":1,"column":13},"end":{"line":5,"column":2}},"1":{"start":{"line":7,"column":13},"end":{"line":11,"column":2}},"2":{"start":{"line":13,"column":13},"end":{"line":16,"column":2}},"3":{"start":{"line":18,"column":13},"end":{"line":21,"column":2}},"4":{"start":{"line":23,"column":13},"end":{"line":26,"column":2}},"5":{"start":{"line":28,"column":13},"end":{"line":32,"column":2}},"6":{"start":{"line":34,"column":13},"end":{"line":37,"column":2}},"7":{"start":{"line":39,"column":13},"end":{"line":42,"column":2}},"8":{"start":{"line":44,"column":13},"end":{"line":47,"column":2}},"9":{"start":{"line":49,"column":13},"end":{"line":52,"column":2}},"10":{"start":{"line":54,"column":13},"end":{"line":57,"column":2}},"11":{"start":{"line":59,"column":13},"end":{"line":63,"column":2}}},"fnMap":{},"branchMap":{},"s":{"0":2,"1":2,"2":2,"3":2,"4":2,"5":2,"6":2,"7":2,"8":2,"9":2,"10":2,"11":2},"f":{},"b":{}}
}
