TN:
SF:src\app.ts
FN:7,(anonymous_1)
FNF:1
FNH:1
FNDA:2,(anonymous_1)
DA:1,2
DA:2,2
DA:4,2
DA:5,2
DA:7,2
DA:8,2
DA:10,2
DA:11,2
DA:14,2
DA:15,2
DA:17,2
LF:11
LH:11
BRF:0
BRH:0
end_of_record
TN:
SF:src\controllers\movie.ts
FN:10,(anonymous_0)
FN:20,(anonymous_1)
FN:30,(anonymous_2)
FNF:3
FNH:2
FNDA:3,(anonymous_0)
FNDA:1,(anonymous_1)
FNDA:0,(anonymous_2)
DA:3,2
DA:10,2
DA:11,3
DA:12,3
DA:14,3
DA:16,3
DA:20,2
DA:21,1
DA:22,1
DA:24,1
DA:26,1
DA:30,2
DA:31,0
DA:33,0
DA:35,0
DA:38,2
LF:16
LH:13
BRF:0
BRH:0
end_of_record
TN:
SF:src\controllers\user.ts
FN:7,(anonymous_0)
FN:15,(anonymous_1)
FN:23,(anonymous_2)
FNF:3
FNH:3
FNDA:4,(anonymous_0)
FNDA:11,(anonymous_1)
FNDA:2,(anonymous_2)
DA:1,2
DA:5,2
DA:7,2
DA:8,4
DA:10,4
DA:12,4
DA:15,2
DA:16,11
DA:18,11
DA:20,11
DA:23,2
DA:24,2
DA:26,2
DA:28,2
DA:34,2
DA:37,2
LF:16
LH:16
BRF:0
BRH:0
end_of_record
TN:
SF:src\helpers\createUser.ts
FN:6,(anonymous_1)
FNF:1
FNH:1
FNDA:10,(anonymous_1)
DA:1,2
DA:4,2
DA:6,2
DA:12,10
DA:15,10
DA:23,10
DA:25,10
LF:7
LH:7
BRF:0
BRH:0
end_of_record
TN:
SF:src\helpers\fetchSavedMovies.ts
FN:2,(anonymous_1)
FN:4,(anonymous_2)
FNF:2
FNH:0
FNDA:0,(anonymous_1)
FNDA:0,(anonymous_2)
DA:1,2
DA:2,2
DA:3,0
DA:5,0
DA:8,0
DA:12,0
LF:6
LH:2
BRF:0
BRH:0
end_of_record
TN:
SF:src\helpers\passwordValidation.ts
FN:3,(anonymous_1)
FNF:1
FNH:1
FNDA:6,(anonymous_1)
DA:1,3
DA:3,3
DA:7,6
DA:13,6
DA:14,3
DA:15,3
DA:19,3
DA:20,3
LF:8
LH:8
BRDA:13,0,0,3
BRF:1
BRH:1
end_of_record
TN:
SF:src\helpers\searchUserByEmail.ts
FN:4,(anonymous_1)
FNF:1
FNH:1
FNDA:15,(anonymous_1)
DA:2,2
DA:4,2
DA:7,15
DA:10,15
DA:11,12
DA:12,12
DA:14,3
DA:15,3
LF:8
LH:8
BRDA:10,0,0,12
BRDA:10,0,1,3
BRF:2
BRH:2
end_of_record
TN:
SF:src\helpers\searchUserById.ts
FN:4,(anonymous_1)
FNF:1
FNH:1
FNDA:2,(anonymous_1)
DA:2,2
DA:4,2
DA:5,2
DA:7,2
LF:4
LH:4
BRF:0
BRH:0
end_of_record
TN:
SF:src\models\User.ts
FNF:0
FNH:0
DA:1,2
DA:5,2
DA:12,2
LF:3
LH:3
BRDA:12,0,0,2
BRDA:12,0,1,2
BRF:2
BRH:2
end_of_record
TN:
SF:src\routes\movie.ts
FNF:0
FNH:0
DA:1,2
DA:3,2
DA:9,2
DA:11,2
DA:12,2
DA:13,2
LF:6
LH:6
BRF:0
BRH:0
end_of_record
TN:
SF:src\routes\user.ts
FNF:0
FNH:0
DA:1,2
DA:3,2
DA:9,2
DA:11,2
DA:12,2
DA:13,2
LF:6
LH:6
BRF:0
BRH:0
end_of_record
TN:
SF:src\services\movieService.ts
FN:5,(anonymous_1)
FN:20,(anonymous_2)
FN:37,(anonymous_3)
FNF:3
FNH:2
FNDA:3,(anonymous_1)
FNDA:1,(anonymous_2)
FNDA:0,(anonymous_3)
DA:1,2
DA:2,2
DA:3,2
DA:5,2
DA:6,3
DA:7,3
DA:11,3
DA:15,0
DA:16,0
DA:20,2
DA:21,1
DA:22,1
DA:26,1
DA:30,0
DA:31,0
DA:37,2
DA:38,0
DA:39,0
DA:42,0
DA:43,0
DA:47,0
DA:49,0
DA:51,0
DA:52,0
LF:24
LH:12
BRDA:42,0,0,0
BRF:1
BRH:0
end_of_record
TN:
SF:src\services\userService.ts
FN:8,(anonymous_1)
FN:33,(anonymous_2)
FN:69,(anonymous_3)
FNF:3
FNH:3
FNDA:11,(anonymous_1)
FNDA:4,(anonymous_2)
FNDA:2,(anonymous_3)
DA:1,2
DA:3,2
DA:4,2
DA:5,2
DA:6,2
DA:8,2
DA:13,11
DA:15,11
DA:16,1
DA:17,1
DA:20,10
DA:22,10
DA:23,10
DA:33,2
DA:35,4
DA:38,4
DA:39,2
DA:45,2
DA:51,2
DA:52,1
DA:53,1
DA:59,1
DA:69,2
DA:74,2
DA:75,2
DA:77,2
DA:78,0
DA:82,2
DA:88,2
DA:89,1
DA:90,1
DA:95,1
DA:98,1
DA:102,1
DA:109,0
DA:111,0
LF:36
LH:33
BRDA:15,0,0,1
BRDA:38,1,0,2
BRDA:51,2,0,1
BRDA:77,3,0,0
BRDA:88,4,0,1
BRF:5
BRH:4
end_of_record
TN:
SF:src\tests\config\db-handler.ts
FN:9,(anonymous_1)
FN:26,(anonymous_2)
FN:37,(anonymous_3)
FNF:3
FNH:3
FNDA:2,(anonymous_1)
FNDA:2,(anonymous_2)
FNDA:12,(anonymous_3)
DA:1,2
DA:2,2
DA:4,2
DA:9,2
DA:10,2
DA:11,2
DA:13,2
DA:20,2
DA:26,2
DA:27,2
DA:28,2
DA:29,2
DA:30,2
DA:37,2
DA:38,12
DA:39,12
DA:41,12
DA:42,12
DA:43,12
LF:19
LH:19
BRDA:27,0,0,2
BRDA:38,1,0,12
BRF:2
BRH:2
end_of_record
TN:
SF:src\tests\movie\data.ts
FNF:0
FNH:0
DA:1,1
DA:6,1
LF:2
LH:2
BRF:0
BRH:0
end_of_record
TN:
SF:src\tests\user\data.ts
FNF:0
FNH:0
DA:1,2
DA:7,2
DA:13,2
DA:18,2
DA:23,2
DA:28,2
DA:34,2
DA:39,2
DA:44,2
DA:49,2
DA:54,2
LF:11
LH:11
BRF:0
BRH:0
end_of_record
