TN:
SF:src\app.ts
FN:7,(anonymous_1)
FNF:1
FNH:1
FNDA:2,(anonymous_1)
DA:1,2
DA:2,2
DA:4,2
DA:5,2
DA:7,2
DA:8,2
DA:10,2
DA:11,2
DA:14,2
DA:15,2
DA:17,2
LF:11
LH:11
BRF:0
BRH:0
end_of_record
TN:
SF:src\controllers\movie.ts
FN:10,(anonymous_0)
FN:20,(anonymous_1)
FN:30,(anonymous_2)
FNF:3
FNH:3
FNDA:4,(anonymous_0)
FNDA:2,(anonymous_1)
FNDA:3,(anonymous_2)
DA:3,2
DA:10,2
DA:11,4
DA:12,4
DA:14,4
DA:16,4
DA:20,2
DA:21,2
DA:22,2
DA:24,2
DA:26,2
DA:30,2
DA:31,3
DA:33,3
DA:35,3
DA:38,2
LF:16
LH:16
BRF:0
BRH:0
end_of_record
TN:
SF:src\controllers\user.ts
FN:7,(anonymous_0)
FN:15,(anonymous_1)
FN:23,(anonymous_2)
FNF:3
FNH:3
FNDA:4,(anonymous_0)
FNDA:12,(anonymous_1)
FNDA:3,(anonymous_2)
DA:1,2
DA:5,2
DA:7,2
DA:8,4
DA:10,4
DA:12,4
DA:15,2
DA:16,12
DA:18,12
DA:20,12
DA:23,2
DA:24,3
DA:26,3
DA:28,3
DA:34,3
DA:37,2
LF:16
LH:16
BRF:0
BRH:0
end_of_record
TN:
SF:src\helpers\createUser.ts
FN:6,(anonymous_1)
FNF:1
FNH:1
FNDA:11,(anonymous_1)
DA:1,2
DA:4,2
DA:6,2
DA:12,11
DA:15,11
DA:23,11
DA:25,11
LF:7
LH:7
BRF:0
BRH:0
end_of_record
TN:
SF:src\helpers\fetchSavedMovies.ts
FN:2,(anonymous_1)
FN:4,(anonymous_2)
FNF:2
FNH:0
FNDA:0,(anonymous_1)
FNDA:0,(anonymous_2)
DA:1,2
DA:2,2
DA:3,0
DA:5,0
DA:8,0
DA:12,0
LF:6
LH:2
BRF:0
BRH:0
end_of_record
TN:
SF:src\helpers\passwordValidation.ts
FN:3,(anonymous_1)
FNF:1
FNH:1
FNDA:6,(anonymous_1)
DA:1,3
DA:3,3
DA:7,6
DA:13,6
DA:14,3
DA:15,3
DA:19,3
DA:20,3
LF:8
LH:8
BRDA:13,0,0,3
BRF:1
BRH:1
end_of_record
TN:
SF:src\helpers\searchUserByEmail.ts
FN:4,(anonymous_1)
FNF:1
FNH:1
FNDA:16,(anonymous_1)
DA:2,2
DA:4,2
DA:7,16
DA:10,16
DA:11,13
DA:12,13
DA:14,3
DA:15,3
LF:8
LH:8
BRDA:10,0,0,13
BRDA:10,0,1,3
BRF:2
BRH:2
end_of_record
TN:
SF:src\helpers\searchUserById.ts
FN:4,(anonymous_1)
FNF:1
FNH:1
FNDA:6,(anonymous_1)
DA:2,2
DA:4,2
DA:5,6
DA:7,4
LF:4
LH:4
BRF:0
BRH:0
end_of_record
TN:
SF:src\models\User.ts
FNF:0
FNH:0
DA:1,2
DA:5,2
DA:12,2
LF:3
LH:3
BRDA:12,0,0,2
BRDA:12,0,1,2
BRF:2
BRH:2
end_of_record
TN:
SF:src\routes\movie.ts
FNF:0
FNH:0
DA:1,2
DA:3,2
DA:9,2
DA:11,2
DA:12,2
DA:13,2
LF:6
LH:6
BRF:0
BRH:0
end_of_record
TN:
SF:src\routes\user.ts
FNF:0
FNH:0
DA:1,2
DA:3,2
DA:9,2
DA:11,2
DA:12,2
DA:13,2
LF:6
LH:6
BRF:0
BRH:0
end_of_record
TN:
SF:src\services\movieService.ts
FN:5,(anonymous_1)
FN:19,(anonymous_2)
FN:35,(anonymous_3)
FNF:3
FNH:3
FNDA:4,(anonymous_1)
FNDA:2,(anonymous_2)
FNDA:3,(anonymous_3)
DA:1,2
DA:2,2
DA:3,2
DA:5,2
DA:6,4
DA:7,4
DA:11,3
DA:15,1
DA:19,2
DA:20,2
DA:21,2
DA:25,1
DA:29,1
DA:35,2
DA:36,3
DA:37,3
DA:40,2
DA:41,0
DA:44,2
DA:45,1
DA:48,1
DA:50,1
DA:52,1
LF:23
LH:22
BRDA:40,0,0,0
BRDA:44,1,0,1
BRF:2
BRH:1
end_of_record
TN:
SF:src\services\userService.ts
FN:8,(anonymous_1)
FN:33,(anonymous_2)
FN:69,(anonymous_3)
FNF:3
FNH:3
FNDA:12,(anonymous_1)
FNDA:4,(anonymous_2)
FNDA:3,(anonymous_3)
DA:1,2
DA:3,2
DA:4,2
DA:5,2
DA:6,2
DA:8,2
DA:13,12
DA:15,12
DA:16,1
DA:17,1
DA:20,11
DA:22,11
DA:23,11
DA:33,2
DA:35,4
DA:38,4
DA:39,2
DA:45,2
DA:51,2
DA:52,1
DA:53,1
DA:59,1
DA:69,2
DA:74,3
DA:75,3
DA:77,2
DA:78,0
DA:82,2
DA:88,2
DA:89,1
DA:90,1
DA:95,1
DA:98,1
DA:102,1
DA:109,1
DA:111,1
LF:36
LH:35
BRDA:15,0,0,1
BRDA:38,1,0,2
BRDA:51,2,0,1
BRDA:77,3,0,0
BRDA:88,4,0,1
BRF:5
BRH:4
end_of_record
TN:
SF:src\tests\config\db-handler.ts
FN:9,(anonymous_1)
FN:26,(anonymous_2)
FN:37,(anonymous_3)
FNF:3
FNH:3
FNDA:2,(anonymous_1)
FNDA:2,(anonymous_2)
FNDA:16,(anonymous_3)
DA:1,2
DA:2,2
DA:4,2
DA:9,2
DA:10,2
DA:11,2
DA:13,2
DA:20,2
DA:26,2
DA:27,2
DA:28,2
DA:29,2
DA:30,2
DA:37,2
DA:38,16
DA:39,16
DA:41,16
DA:42,16
DA:43,16
LF:19
LH:19
BRDA:27,0,0,2
BRDA:38,1,0,16
BRF:2
BRH:2
end_of_record
TN:
SF:src\tests\movie\data.ts
FNF:0
FNH:0
DA:1,1
DA:6,1
DA:11,1
DA:13,1
DA:18,1
DA:23,1
LF:6
LH:6
BRF:0
BRH:0
end_of_record
TN:
SF:src\tests\user\data.ts
FNF:0
FNH:0
DA:1,2
DA:7,2
DA:13,2
DA:18,2
DA:23,2
DA:28,2
DA:34,2
DA:39,2
DA:44,2
DA:49,2
DA:54,2
DA:59,2
LF:12
LH:12
BRF:0
BRH:0
end_of_record
