{"C:\\Users\\lucas\\OneDrive\\Documents\\informatique\\react-native-apps\\hulu-react-native-ts\\client\\assets\\data\\covers.ts": {"path":"C:\\Users\\lucas\\OneDrive\\Documents\\informatique\\react-native-apps\\hulu-react-native-ts\\client\\assets\\data\\covers.ts","statementMap":{"0":{"start":{"line":5,"column":29},"end":{"line":26,"column":1}}},"fnMap":{},"branchMap":{},"s":{"0":2},"f":{},"b":{},"_coverageSchema":"1a1c01bbd47fc00a2c39e90264f33305004495a9","hash":"8dffe4ed21375f124359d25e87997bc59b9c2ae1"}
,"C:\\Users\\lucas\\OneDrive\\Documents\\informatique\\react-native-apps\\hulu-react-native-ts\\client\\assets\\data\\events.ts": {"path":"C:\\Users\\lucas\\OneDrive\\Documents\\informatique\\react-native-apps\\hulu-react-native-ts\\client\\assets\\data\\events.ts","statementMap":{"0":{"start":{"line":5,"column":29},"end":{"line":27,"column":1}}},"fnMap":{},"branchMap":{},"s":{"0":2},"f":{},"b":{},"_coverageSchema":"1a1c01bbd47fc00a2c39e90264f33305004495a9","hash":"4089c4452400b17cdc7ce9e097326cfc017a2d79"}
,"C:\\Users\\lucas\\OneDrive\\Documents\\informatique\\react-native-apps\\hulu-react-native-ts\\client\\assets\\data\\movieRequests.ts": {"path":"C:\\Users\\lucas\\OneDrive\\Documents\\informatique\\react-native-apps\\hulu-react-native-ts\\client\\assets\\data\\movieRequests.ts","statementMap":{"0":{"start":{"line":5,"column":27},"end":{"line":17,"column":1}}},"fnMap":{},"branchMap":{},"s":{"0":2},"f":{},"b":{},"_coverageSchema":"1a1c01bbd47fc00a2c39e90264f33305004495a9","hash":"7a9b949a63015d21fa0c4591ea01420ab89f8f09"}
,"C:\\Users\\lucas\\OneDrive\\Documents\\informatique\\react-native-apps\\hulu-react-native-ts\\client\\assets\\images\\cover-1.jpg": {"path":"C:\\Users\\lucas\\OneDrive\\Documents\\informatique\\react-native-apps\\hulu-react-native-ts\\client\\assets\\images\\cover-1.jpg","statementMap":{"0":{"start":{"line":1,"column":0},"end":{"line":1,"column":19}}},"fnMap":{},"branchMap":{},"s":{"0":3},"f":{},"b":{},"_coverageSchema":"1a1c01bbd47fc00a2c39e90264f33305004495a9","hash":"293bc5c1a3b2d015d00ec03ff698c7772996ad7c"}
,"C:\\Users\\lucas\\OneDrive\\Documents\\informatique\\react-native-apps\\hulu-react-native-ts\\client\\assets\\images\\cover-2.jpg": {"path":"C:\\Users\\lucas\\OneDrive\\Documents\\informatique\\react-native-apps\\hulu-react-native-ts\\client\\assets\\images\\cover-2.jpg","statementMap":{"0":{"start":{"line":1,"column":0},"end":{"line":1,"column":19}}},"fnMap":{},"branchMap":{},"s":{"0":2},"f":{},"b":{},"_coverageSchema":"1a1c01bbd47fc00a2c39e90264f33305004495a9","hash":"9a817263dd528791ceb7d67214df87e5c5db6488"}
,"C:\\Users\\lucas\\OneDrive\\Documents\\informatique\\react-native-apps\\hulu-react-native-ts\\client\\assets\\images\\cover-3.jpg": {"path":"C:\\Users\\lucas\\OneDrive\\Documents\\informatique\\react-native-apps\\hulu-react-native-ts\\client\\assets\\images\\cover-3.jpg","statementMap":{"0":{"start":{"line":1,"column":0},"end":{"line":1,"column":19}}},"fnMap":{},"branchMap":{},"s":{"0":2},"f":{},"b":{},"_coverageSchema":"1a1c01bbd47fc00a2c39e90264f33305004495a9","hash":"26c5ae48c8728e62392551d8f22fa55d6b8b71a5"}
,"C:\\Users\\lucas\\OneDrive\\Documents\\informatique\\react-native-apps\\hulu-react-native-ts\\client\\assets\\images\\cover-4.jpg": {"path":"C:\\Users\\lucas\\OneDrive\\Documents\\informatique\\react-native-apps\\hulu-react-native-ts\\client\\assets\\images\\cover-4.jpg","statementMap":{"0":{"start":{"line":1,"column":0},"end":{"line":1,"column":19}}},"fnMap":{},"branchMap":{},"s":{"0":2},"f":{},"b":{},"_coverageSchema":"1a1c01bbd47fc00a2c39e90264f33305004495a9","hash":"028b254edff0d085595dc6d8b1c754f66e30027c"}
,"C:\\Users\\lucas\\OneDrive\\Documents\\informatique\\react-native-apps\\hulu-react-native-ts\\client\\assets\\images\\header.jpg": {"path":"C:\\Users\\lucas\\OneDrive\\Documents\\informatique\\react-native-apps\\hulu-react-native-ts\\client\\assets\\images\\header.jpg","statementMap":{"0":{"start":{"line":1,"column":0},"end":{"line":1,"column":19}}},"fnMap":{},"branchMap":{},"s":{"0":2},"f":{},"b":{},"_coverageSchema":"1a1c01bbd47fc00a2c39e90264f33305004495a9","hash":"f3c00a3dabdc2168dc6fda171a63c32e0bf26250"}
,"C:\\Users\\lucas\\OneDrive\\Documents\\informatique\\react-native-apps\\hulu-react-native-ts\\client\\assets\\images\\logo.png": {"path":"C:\\Users\\lucas\\OneDrive\\Documents\\informatique\\react-native-apps\\hulu-react-native-ts\\client\\assets\\images\\logo.png","statementMap":{"0":{"start":{"line":1,"column":0},"end":{"line":1,"column":19}}},"fnMap":{},"branchMap":{},"s":{"0":7},"f":{},"b":{},"_coverageSchema":"1a1c01bbd47fc00a2c39e90264f33305004495a9","hash":"b8fd96ed454df0c1db901d840342835ac1bce433"}
,"C:\\Users\\lucas\\OneDrive\\Documents\\informatique\\react-native-apps\\hulu-react-native-ts\\client\\assets\\images\\logos.png": {"path":"C:\\Users\\lucas\\OneDrive\\Documents\\informatique\\react-native-apps\\hulu-react-native-ts\\client\\assets\\images\\logos.png","statementMap":{"0":{"start":{"line":1,"column":0},"end":{"line":1,"column":19}}},"fnMap":{},"branchMap":{},"s":{"0":2},"f":{},"b":{},"_coverageSchema":"1a1c01bbd47fc00a2c39e90264f33305004495a9","hash":"93db6ef2d90d25f04da2fc4717228c321c64d29b"}
,"C:\\Users\\lucas\\OneDrive\\Documents\\informatique\\react-native-apps\\hulu-react-native-ts\\client\\src\\components\\Animations\\Loader\\Loader.tsx": {"path":"C:\\Users\\lucas\\OneDrive\\Documents\\informatique\\react-native-apps\\hulu-react-native-ts\\client\\src\\components\\Animations\\Loader\\Loader.tsx","statementMap":{"0":{"start":{"line":9,"column":39},"end":{"line":11,"column":1}},"1":{"start":{"line":10,"column":2},"end":{"line":10,"column":54}}},"fnMap":{"0":{"name":"(anonymous_0)","decl":{"start":{"line":9,"column":39},"end":{"line":9,"column":40}},"loc":{"start":{"line":9,"column":60},"end":{"line":11,"column":1}},"line":9}},"branchMap":{},"s":{"0":7,"1":3},"f":{"0":3},"b":{},"_coverageSchema":"1a1c01bbd47fc00a2c39e90264f33305004495a9","hash":"479da0fd54e55388ced2a5e1ecf1cec887fd05cf"}
,"C:\\Users\\lucas\\OneDrive\\Documents\\informatique\\react-native-apps\\hulu-react-native-ts\\client\\src\\components\\Animations\\Loader\\index.ts": {"path":"C:\\Users\\lucas\\OneDrive\\Documents\\informatique\\react-native-apps\\hulu-react-native-ts\\client\\src\\components\\Animations\\Loader\\index.ts","statementMap":{},"fnMap":{},"branchMap":{},"s":{},"f":{},"b":{},"_coverageSchema":"1a1c01bbd47fc00a2c39e90264f33305004495a9","hash":"847fad6b7cf687a80fcd7037497f66060d63d0f7"}
,"C:\\Users\\lucas\\OneDrive\\Documents\\informatique\\react-native-apps\\hulu-react-native-ts\\client\\src\\components\\Dashboard\\Header\\Header.tsx": {"path":"C:\\Users\\lucas\\OneDrive\\Documents\\informatique\\react-native-apps\\hulu-react-native-ts\\client\\src\\components\\Dashboard\\Header\\Header.tsx","statementMap":{"0":{"start":{"line":4,"column":32},"end":{"line":14,"column":1}},"1":{"start":{"line":5,"column":2},"end":{"line":13,"column":4}}},"fnMap":{"0":{"name":"(anonymous_0)","decl":{"start":{"line":4,"column":32},"end":{"line":4,"column":33}},"loc":{"start":{"line":4,"column":38},"end":{"line":14,"column":1}},"line":4}},"branchMap":{},"s":{"0":5,"1":17},"f":{"0":17},"b":{},"_coverageSchema":"1a1c01bbd47fc00a2c39e90264f33305004495a9","hash":"9015ca0284d77fb1082e10ef15d5a61d82274eb1"}
,"C:\\Users\\lucas\\OneDrive\\Documents\\informatique\\react-native-apps\\hulu-react-native-ts\\client\\src\\components\\Dashboard\\Header\\index.ts": {"path":"C:\\Users\\lucas\\OneDrive\\Documents\\informatique\\react-native-apps\\hulu-react-native-ts\\client\\src\\components\\Dashboard\\Header\\index.ts","statementMap":{},"fnMap":{},"branchMap":{},"s":{},"f":{},"b":{},"_coverageSchema":"1a1c01bbd47fc00a2c39e90264f33305004495a9","hash":"fc508f2748143ffd75e08d2f0e0c8ec9bc58c65a"}
,"C:\\Users\\lucas\\OneDrive\\Documents\\informatique\\react-native-apps\\hulu-react-native-ts\\client\\src\\components\\Dashboard\\Movie\\Card\\Card.tsx": {"path":"C:\\Users\\lucas\\OneDrive\\Documents\\informatique\\react-native-apps\\hulu-react-native-ts\\client\\src\\components\\Dashboard\\Movie\\Card\\Card.tsx","statementMap":{"0":{"start":{"line":12,"column":28},"end":{"line":12,"column":65}},"1":{"start":{"line":14,"column":37},"end":{"line":61,"column":1}},"2":{"start":{"line":15,"column":40},"end":{"line":15,"column":55}},"3":{"start":{"line":16,"column":26},"end":{"line":16,"column":41}},"4":{"start":{"line":18,"column":28},"end":{"line":18,"column":68}},"5":{"start":{"line":20,"column":2},"end":{"line":28,"column":9}},"6":{"start":{"line":22,"column":4},"end":{"line":27,"column":7}},"7":{"start":{"line":23,"column":6},"end":{"line":26,"column":7}},"8":{"start":{"line":24,"column":8},"end":{"line":24,"column":33}},"9":{"start":{"line":24,"column":26},"end":{"line":24,"column":31}},"10":{"start":{"line":25,"column":8},"end":{"line":25,"column":15}},"11":{"start":{"line":30,"column":2},"end":{"line":60,"column":4}},"12":{"start":{"line":39,"column":27},"end":{"line":39,"column":55}}},"fnMap":{"0":{"name":"(anonymous_0)","decl":{"start":{"line":14,"column":37},"end":{"line":14,"column":38}},"loc":{"start":{"line":14,"column":51},"end":{"line":61,"column":1}},"line":14},"1":{"name":"(anonymous_1)","decl":{"start":{"line":20,"column":12},"end":{"line":20,"column":13}},"loc":{"start":{"line":20,"column":18},"end":{"line":28,"column":3}},"line":20},"2":{"name":"(anonymous_2)","decl":{"start":{"line":22,"column":22},"end":{"line":22,"column":23}},"loc":{"start":{"line":22,"column":30},"end":{"line":27,"column":5}},"line":22},"3":{"name":"(anonymous_3)","decl":{"start":{"line":24,"column":16},"end":{"line":24,"column":17}},"loc":{"start":{"line":24,"column":26},"end":{"line":24,"column":31}},"line":24},"4":{"name":"(anonymous_4)","decl":{"start":{"line":39,"column":21},"end":{"line":39,"column":22}},"loc":{"start":{"line":39,"column":27},"end":{"line":39,"column":55}},"line":39}},"branchMap":{"0":{"loc":{"start":{"line":23,"column":6},"end":{"line":26,"column":7}},"type":"if","locations":[{"start":{"line":23,"column":6},"end":{"line":26,"column":7}},{"start":{},"end":{}}],"line":23},"1":{"loc":{"start":{"line":33,"column":7},"end":{"line":33,"column":33}},"type":"binary-expr","locations":[{"start":{"line":33,"column":7},"end":{"line":33,"column":24}},{"start":{"line":33,"column":28},"end":{"line":33,"column":33}}],"line":33},"2":{"loc":{"start":{"line":36,"column":7},"end":{"line":58,"column":7}},"type":"binary-expr","locations":[{"start":{"line":36,"column":7},"end":{"line":36,"column":23}},{"start":{"line":37,"column":8},"end":{"line":57,"column":15}}],"line":36},"3":{"loc":{"start":{"line":51,"column":17},"end":{"line":53,"column":17}},"type":"binary-expr","locations":[{"start":{"line":51,"column":17},"end":{"line":51,"column":28}},{"start":{"line":52,"column":18},"end":{"line":52,"column":71}}],"line":51}},"s":{"0":4,"1":4,"2":43,"3":43,"4":43,"5":43,"6":43,"7":0,"8":0,"9":0,"10":0,"11":43,"12":0},"f":{"0":43,"1":43,"2":0,"3":0,"4":0},"b":{"0":[0,0],"1":[43,41],"2":[43,2],"3":[2,0]},"_coverageSchema":"1a1c01bbd47fc00a2c39e90264f33305004495a9","hash":"acbcaeacbf0b3dd0e8f48fb3f527364e15997445"}
,"C:\\Users\\lucas\\OneDrive\\Documents\\informatique\\react-native-apps\\hulu-react-native-ts\\client\\src\\components\\Dashboard\\Movie\\Card\\index.ts": {"path":"C:\\Users\\lucas\\OneDrive\\Documents\\informatique\\react-native-apps\\hulu-react-native-ts\\client\\src\\components\\Dashboard\\Movie\\Card\\index.ts","statementMap":{},"fnMap":{},"branchMap":{},"s":{},"f":{},"b":{},"_coverageSchema":"1a1c01bbd47fc00a2c39e90264f33305004495a9","hash":"955c6ef44ce41d9cef34c61b2142cd84625a94b9"}
,"C:\\Users\\lucas\\OneDrive\\Documents\\informatique\\react-native-apps\\hulu-react-native-ts\\client\\src\\components\\Dashboard\\Movie\\Details\\Details.tsx": {"path":"C:\\Users\\lucas\\OneDrive\\Documents\\informatique\\react-native-apps\\hulu-react-native-ts\\client\\src\\components\\Dashboard\\Movie\\Details\\Details.tsx","statementMap":{"0":{"start":{"line":16,"column":40},"end":{"line":104,"column":1}},"1":{"start":{"line":17,"column":54},"end":{"line":19,"column":21}},"2":{"start":{"line":25,"column":6},"end":{"line":25,"column":35}},"3":{"start":{"line":31,"column":6},"end":{"line":31,"column":37}},"4":{"start":{"line":33,"column":26},"end":{"line":41,"column":3}},"5":{"start":{"line":34,"column":4},"end":{"line":40,"column":5}},"6":{"start":{"line":35,"column":6},"end":{"line":35,"column":21}},"7":{"start":{"line":36,"column":6},"end":{"line":36,"column":20}},"8":{"start":{"line":38,"column":6},"end":{"line":38,"column":20}},"9":{"start":{"line":39,"column":6},"end":{"line":39,"column":18}},"10":{"start":{"line":44,"column":20},"end":{"line":49,"column":3}},"11":{"start":{"line":46,"column":4},"end":{"line":46,"column":50}},"12":{"start":{"line":48,"column":4},"end":{"line":48,"column":17}},"13":{"start":{"line":52,"column":22},"end":{"line":59,"column":3}},"14":{"start":{"line":54,"column":31},"end":{"line":56,"column":6}},"15":{"start":{"line":55,"column":6},"end":{"line":55,"column":28}},"16":{"start":{"line":57,"column":4},"end":{"line":57,"column":46}},"17":{"start":{"line":58,"column":4},"end":{"line":58,"column":19}},"18":{"start":{"line":61,"column":2},"end":{"line":103,"column":4}}},"fnMap":{"0":{"name":"(anonymous_0)","decl":{"start":{"line":16,"column":40},"end":{"line":16,"column":41}},"loc":{"start":{"line":16,"column":69},"end":{"line":104,"column":1}},"line":16},"1":{"name":"(anonymous_1)","decl":{"start":{"line":33,"column":26},"end":{"line":33,"column":27}},"loc":{"start":{"line":33,"column":32},"end":{"line":41,"column":3}},"line":33},"2":{"name":"(anonymous_2)","decl":{"start":{"line":44,"column":20},"end":{"line":44,"column":21}},"loc":{"start":{"line":44,"column":32},"end":{"line":49,"column":3}},"line":44},"3":{"name":"(anonymous_3)","decl":{"start":{"line":52,"column":22},"end":{"line":52,"column":23}},"loc":{"start":{"line":52,"column":34},"end":{"line":59,"column":3}},"line":52},"4":{"name":"(anonymous_4)","decl":{"start":{"line":54,"column":52},"end":{"line":54,"column":53}},"loc":{"start":{"line":54,"column":60},"end":{"line":56,"column":5}},"line":54}},"branchMap":{"0":{"loc":{"start":{"line":34,"column":4},"end":{"line":40,"column":5}},"type":"if","locations":[{"start":{"line":34,"column":4},"end":{"line":40,"column":5}},{"start":{"line":37,"column":11},"end":{"line":40,"column":5}}],"line":34},"1":{"loc":{"start":{"line":64,"column":9},"end":{"line":64,"column":50}},"type":"binary-expr","locations":[{"start":{"line":64,"column":9},"end":{"line":64,"column":28}},{"start":{"line":64,"column":32},"end":{"line":64,"column":50}}],"line":64},"2":{"loc":{"start":{"line":70,"column":9},"end":{"line":70,"column":60}},"type":"binary-expr","locations":[{"start":{"line":70,"column":9},"end":{"line":70,"column":22}},{"start":{"line":70,"column":26},"end":{"line":70,"column":60}}],"line":70},"3":{"loc":{"start":{"line":75,"column":11},"end":{"line":75,"column":51}},"type":"binary-expr","locations":[{"start":{"line":75,"column":11},"end":{"line":75,"column":28}},{"start":{"line":75,"column":32},"end":{"line":75,"column":51}}],"line":75},"4":{"loc":{"start":{"line":85,"column":11},"end":{"line":99,"column":11}},"type":"cond-expr","locations":[{"start":{"line":86,"column":12},"end":{"line":91,"column":14}},{"start":{"line":93,"column":12},"end":{"line":98,"column":14}}],"line":85}},"s":{"0":5,"1":7,"2":7,"3":7,"4":7,"5":2,"6":1,"7":1,"8":1,"9":1,"10":7,"11":1,"12":1,"13":7,"14":1,"15":0,"16":1,"17":1,"18":7},"f":{"0":7,"1":2,"2":1,"3":1,"4":0},"b":{"0":[1,1],"1":[7,0],"2":[7,0],"3":[7,7],"4":[4,3]},"_coverageSchema":"1a1c01bbd47fc00a2c39e90264f33305004495a9","hash":"ecfe7186693948f4fc7e11dba44d8797e5e23a45"}
,"C:\\Users\\lucas\\OneDrive\\Documents\\informatique\\react-native-apps\\hulu-react-native-ts\\client\\src\\components\\Dashboard\\Movie\\Details\\index.ts": {"path":"C:\\Users\\lucas\\OneDrive\\Documents\\informatique\\react-native-apps\\hulu-react-native-ts\\client\\src\\components\\Dashboard\\Movie\\Details\\index.ts","statementMap":{},"fnMap":{},"branchMap":{},"s":{},"f":{},"b":{},"_coverageSchema":"1a1c01bbd47fc00a2c39e90264f33305004495a9","hash":"065e6aad37a7aeebd3c7e44e70dd73bb89a5e392"}
,"C:\\Users\\lucas\\OneDrive\\Documents\\informatique\\react-native-apps\\hulu-react-native-ts\\client\\src\\components\\Dashboard\\Movie\\List\\List.tsx": {"path":"C:\\Users\\lucas\\OneDrive\\Documents\\informatique\\react-native-apps\\hulu-react-native-ts\\client\\src\\components\\Dashboard\\Movie\\List\\List.tsx","statementMap":{"0":{"start":{"line":10,"column":30},"end":{"line":48,"column":1}},"1":{"start":{"line":11,"column":20},"end":{"line":11,"column":60}},"2":{"start":{"line":13,"column":23},"end":{"line":13,"column":54}},"3":{"start":{"line":16,"column":4},"end":{"line":16,"column":23}},"4":{"start":{"line":18,"column":2},"end":{"line":20,"column":14}},"5":{"start":{"line":19,"column":4},"end":{"line":19,"column":14}},"6":{"start":{"line":22,"column":2},"end":{"line":47,"column":4}},"7":{"start":{"line":45,"column":40},"end":{"line":45,"column":76}}},"fnMap":{"0":{"name":"(anonymous_0)","decl":{"start":{"line":10,"column":30},"end":{"line":10,"column":31}},"loc":{"start":{"line":10,"column":36},"end":{"line":48,"column":1}},"line":10},"1":{"name":"(anonymous_1)","decl":{"start":{"line":18,"column":12},"end":{"line":18,"column":13}},"loc":{"start":{"line":18,"column":18},"end":{"line":20,"column":3}},"line":18},"2":{"name":"(anonymous_2)","decl":{"start":{"line":45,"column":17},"end":{"line":45,"column":18}},"loc":{"start":{"line":45,"column":40},"end":{"line":45,"column":76}},"line":45}},"branchMap":{"0":{"loc":{"start":{"line":25,"column":7},"end":{"line":29,"column":7}},"type":"binary-expr","locations":[{"start":{"line":25,"column":7},"end":{"line":25,"column":14}},{"start":{"line":26,"column":8},"end":{"line":28,"column":15}}],"line":25},"1":{"loc":{"start":{"line":32,"column":7},"end":{"line":41,"column":10}},"type":"binary-expr","locations":[{"start":{"line":32,"column":7},"end":{"line":32,"column":16}},{"start":{"line":33,"column":9},"end":{"line":33,"column":21}},{"start":{"line":34,"column":10},"end":{"line":40,"column":17}}],"line":32},"2":{"loc":{"start":{"line":44,"column":7},"end":{"line":45,"column":77}},"type":"binary-expr","locations":[{"start":{"line":44,"column":7},"end":{"line":44,"column":16}},{"start":{"line":45,"column":8},"end":{"line":45,"column":77}}],"line":44}},"s":{"0":2,"1":6,"2":6,"3":6,"4":6,"5":4,"6":6,"7":20},"f":{"0":6,"1":4,"2":20},"b":{"0":[6,1],"1":[6,2,0],"2":[6,1]},"_coverageSchema":"1a1c01bbd47fc00a2c39e90264f33305004495a9","hash":"cbe227ece47c5589867cd4a3ec45d6d8fa328a45"}
,"C:\\Users\\lucas\\OneDrive\\Documents\\informatique\\react-native-apps\\hulu-react-native-ts\\client\\src\\components\\Dashboard\\Movie\\List\\index.ts": {"path":"C:\\Users\\lucas\\OneDrive\\Documents\\informatique\\react-native-apps\\hulu-react-native-ts\\client\\src\\components\\Dashboard\\Movie\\List\\index.ts","statementMap":{},"fnMap":{},"branchMap":{},"s":{},"f":{},"b":{},"_coverageSchema":"1a1c01bbd47fc00a2c39e90264f33305004495a9","hash":"bc9fe631f5a1133beee161f8519e8b78b57a7c5a"}
,"C:\\Users\\lucas\\OneDrive\\Documents\\informatique\\react-native-apps\\hulu-react-native-ts\\client\\src\\components\\Dashboard\\Nav\\Nav.tsx": {"path":"C:\\Users\\lucas\\OneDrive\\Documents\\informatique\\react-native-apps\\hulu-react-native-ts\\client\\src\\components\\Dashboard\\Nav\\Nav.tsx","statementMap":{"0":{"start":{"line":6,"column":29},"end":{"line":46,"column":1}},"1":{"start":{"line":7,"column":23},"end":{"line":7,"column":63}},"2":{"start":{"line":9,"column":2},"end":{"line":45,"column":4}},"3":{"start":{"line":11,"column":39},"end":{"line":11,"column":50}},"4":{"start":{"line":14,"column":39},"end":{"line":14,"column":50}},"5":{"start":{"line":17,"column":39},"end":{"line":17,"column":50}},"6":{"start":{"line":20,"column":39},"end":{"line":20,"column":50}},"7":{"start":{"line":23,"column":39},"end":{"line":23,"column":50}},"8":{"start":{"line":26,"column":39},"end":{"line":26,"column":50}},"9":{"start":{"line":29,"column":39},"end":{"line":29,"column":50}},"10":{"start":{"line":32,"column":39},"end":{"line":32,"column":50}},"11":{"start":{"line":35,"column":39},"end":{"line":35,"column":50}},"12":{"start":{"line":38,"column":39},"end":{"line":38,"column":50}},"13":{"start":{"line":41,"column":39},"end":{"line":41,"column":51}}},"fnMap":{"0":{"name":"(anonymous_0)","decl":{"start":{"line":6,"column":29},"end":{"line":6,"column":30}},"loc":{"start":{"line":6,"column":35},"end":{"line":46,"column":1}},"line":6},"1":{"name":"(anonymous_1)","decl":{"start":{"line":11,"column":33},"end":{"line":11,"column":34}},"loc":{"start":{"line":11,"column":39},"end":{"line":11,"column":50}},"line":11},"2":{"name":"(anonymous_2)","decl":{"start":{"line":14,"column":33},"end":{"line":14,"column":34}},"loc":{"start":{"line":14,"column":39},"end":{"line":14,"column":50}},"line":14},"3":{"name":"(anonymous_3)","decl":{"start":{"line":17,"column":33},"end":{"line":17,"column":34}},"loc":{"start":{"line":17,"column":39},"end":{"line":17,"column":50}},"line":17},"4":{"name":"(anonymous_4)","decl":{"start":{"line":20,"column":33},"end":{"line":20,"column":34}},"loc":{"start":{"line":20,"column":39},"end":{"line":20,"column":50}},"line":20},"5":{"name":"(anonymous_5)","decl":{"start":{"line":23,"column":33},"end":{"line":23,"column":34}},"loc":{"start":{"line":23,"column":39},"end":{"line":23,"column":50}},"line":23},"6":{"name":"(anonymous_6)","decl":{"start":{"line":26,"column":33},"end":{"line":26,"column":34}},"loc":{"start":{"line":26,"column":39},"end":{"line":26,"column":50}},"line":26},"7":{"name":"(anonymous_7)","decl":{"start":{"line":29,"column":33},"end":{"line":29,"column":34}},"loc":{"start":{"line":29,"column":39},"end":{"line":29,"column":50}},"line":29},"8":{"name":"(anonymous_8)","decl":{"start":{"line":32,"column":33},"end":{"line":32,"column":34}},"loc":{"start":{"line":32,"column":39},"end":{"line":32,"column":50}},"line":32},"9":{"name":"(anonymous_9)","decl":{"start":{"line":35,"column":33},"end":{"line":35,"column":34}},"loc":{"start":{"line":35,"column":39},"end":{"line":35,"column":50}},"line":35},"10":{"name":"(anonymous_10)","decl":{"start":{"line":38,"column":33},"end":{"line":38,"column":34}},"loc":{"start":{"line":38,"column":39},"end":{"line":38,"column":50}},"line":38},"11":{"name":"(anonymous_11)","decl":{"start":{"line":41,"column":33},"end":{"line":41,"column":34}},"loc":{"start":{"line":41,"column":39},"end":{"line":41,"column":51}},"line":41}},"branchMap":{},"s":{"0":2,"1":4,"2":4,"3":1,"4":1,"5":1,"6":1,"7":1,"8":1,"9":1,"10":1,"11":1,"12":1,"13":1},"f":{"0":4,"1":1,"2":1,"3":1,"4":1,"5":1,"6":1,"7":1,"8":1,"9":1,"10":1,"11":1},"b":{},"_coverageSchema":"1a1c01bbd47fc00a2c39e90264f33305004495a9","hash":"2654a6428b7d7a5f42007a9effd2de75a6a2d45d"}
,"C:\\Users\\lucas\\OneDrive\\Documents\\informatique\\react-native-apps\\hulu-react-native-ts\\client\\src\\components\\Dashboard\\Nav\\index.ts": {"path":"C:\\Users\\lucas\\OneDrive\\Documents\\informatique\\react-native-apps\\hulu-react-native-ts\\client\\src\\components\\Dashboard\\Nav\\index.ts","statementMap":{},"fnMap":{},"branchMap":{},"s":{},"f":{},"b":{},"_coverageSchema":"1a1c01bbd47fc00a2c39e90264f33305004495a9","hash":"8dc6cff25b999156d767e74e488e5c1c721dadc5"}
,"C:\\Users\\lucas\\OneDrive\\Documents\\informatique\\react-native-apps\\hulu-react-native-ts\\client\\src\\components\\Home\\AllTheTvYouLove\\AllTheTvYouLove.tsx": {"path":"C:\\Users\\lucas\\OneDrive\\Documents\\informatique\\react-native-apps\\hulu-react-native-ts\\client\\src\\components\\Home\\AllTheTvYouLove\\AllTheTvYouLove.tsx","statementMap":{"0":{"start":{"line":7,"column":41},"end":{"line":38,"column":1}},"1":{"start":{"line":8,"column":2},"end":{"line":37,"column":4}},"2":{"start":{"line":28,"column":10},"end":{"line":33,"column":12}}},"fnMap":{"0":{"name":"(anonymous_0)","decl":{"start":{"line":7,"column":41},"end":{"line":7,"column":42}},"loc":{"start":{"line":7,"column":47},"end":{"line":38,"column":1}},"line":7},"1":{"name":"(anonymous_1)","decl":{"start":{"line":27,"column":24},"end":{"line":27,"column":25}},"loc":{"start":{"line":28,"column":10},"end":{"line":33,"column":12}},"line":28}},"branchMap":{},"s":{"0":2,"1":3,"2":12},"f":{"0":3,"1":12},"b":{},"_coverageSchema":"1a1c01bbd47fc00a2c39e90264f33305004495a9","hash":"2e6355b35be66e81b7d8a31fd83f47d2e83edb8e"}
,"C:\\Users\\lucas\\OneDrive\\Documents\\informatique\\react-native-apps\\hulu-react-native-ts\\client\\src\\components\\Home\\AllTheTvYouLove\\index.ts": {"path":"C:\\Users\\lucas\\OneDrive\\Documents\\informatique\\react-native-apps\\hulu-react-native-ts\\client\\src\\components\\Home\\AllTheTvYouLove\\index.ts","statementMap":{},"fnMap":{},"branchMap":{},"s":{},"f":{},"b":{},"_coverageSchema":"1a1c01bbd47fc00a2c39e90264f33305004495a9","hash":"7b4fd5c19abd652f2b6a4b2261b76ac85a5e349a"}
,"C:\\Users\\lucas\\OneDrive\\Documents\\informatique\\react-native-apps\\hulu-react-native-ts\\client\\src\\components\\Home\\Cover\\Cover.tsx": {"path":"C:\\Users\\lucas\\OneDrive\\Documents\\informatique\\react-native-apps\\hulu-react-native-ts\\client\\src\\components\\Home\\Cover\\Cover.tsx","statementMap":{"0":{"start":{"line":6,"column":39},"end":{"line":26,"column":1}},"1":{"start":{"line":7,"column":2},"end":{"line":25,"column":4}}},"fnMap":{"0":{"name":"(anonymous_0)","decl":{"start":{"line":6,"column":39},"end":{"line":6,"column":40}},"loc":{"start":{"line":6,"column":73},"end":{"line":26,"column":1}},"line":6}},"branchMap":{},"s":{"0":3,"1":13},"f":{"0":13},"b":{},"_coverageSchema":"1a1c01bbd47fc00a2c39e90264f33305004495a9","hash":"dfe57df447f38fadc5dad1837341156687cece48"}
,"C:\\Users\\lucas\\OneDrive\\Documents\\informatique\\react-native-apps\\hulu-react-native-ts\\client\\src\\components\\Home\\Cover\\index.ts": {"path":"C:\\Users\\lucas\\OneDrive\\Documents\\informatique\\react-native-apps\\hulu-react-native-ts\\client\\src\\components\\Home\\Cover\\index.ts","statementMap":{},"fnMap":{},"branchMap":{},"s":{},"f":{},"b":{},"_coverageSchema":"1a1c01bbd47fc00a2c39e90264f33305004495a9","hash":"89b6db0c099ac49793768b51db893cb46e8221b6"}
,"C:\\Users\\lucas\\OneDrive\\Documents\\informatique\\react-native-apps\\hulu-react-native-ts\\client\\src\\components\\Home\\Events\\Events.tsx": {"path":"C:\\Users\\lucas\\OneDrive\\Documents\\informatique\\react-native-apps\\hulu-react-native-ts\\client\\src\\components\\Home\\Events\\Events.tsx","statementMap":{"0":{"start":{"line":15,"column":22},"end":{"line":92,"column":1}},"1":{"start":{"line":16,"column":28},"end":{"line":16,"column":39}},"2":{"start":{"line":18,"column":21},"end":{"line":18,"column":76}},"3":{"start":{"line":20,"column":2},"end":{"line":91,"column":4}},"4":{"start":{"line":31,"column":29},"end":{"line":31,"column":40}},"5":{"start":{"line":43,"column":29},"end":{"line":43,"column":40}},"6":{"start":{"line":55,"column":29},"end":{"line":55,"column":40}},"7":{"start":{"line":78,"column":29},"end":{"line":78,"column":57}}},"fnMap":{"0":{"name":"(anonymous_0)","decl":{"start":{"line":15,"column":22},"end":{"line":15,"column":23}},"loc":{"start":{"line":15,"column":28},"end":{"line":92,"column":1}},"line":15},"1":{"name":"(anonymous_1)","decl":{"start":{"line":31,"column":23},"end":{"line":31,"column":24}},"loc":{"start":{"line":31,"column":29},"end":{"line":31,"column":40}},"line":31},"2":{"name":"(anonymous_2)","decl":{"start":{"line":43,"column":23},"end":{"line":43,"column":24}},"loc":{"start":{"line":43,"column":29},"end":{"line":43,"column":40}},"line":43},"3":{"name":"(anonymous_3)","decl":{"start":{"line":55,"column":23},"end":{"line":55,"column":24}},"loc":{"start":{"line":55,"column":29},"end":{"line":55,"column":40}},"line":55},"4":{"name":"(anonymous_4)","decl":{"start":{"line":78,"column":23},"end":{"line":78,"column":24}},"loc":{"start":{"line":78,"column":29},"end":{"line":78,"column":57}},"line":78}},"branchMap":{"0":{"loc":{"start":{"line":36,"column":18},"end":{"line":36,"column":63}},"type":"cond-expr","locations":[{"start":{"line":36,"column":32},"end":{"line":36,"column":44}},{"start":{"line":36,"column":47},"end":{"line":36,"column":63}}],"line":36},"1":{"loc":{"start":{"line":48,"column":18},"end":{"line":48,"column":63}},"type":"cond-expr","locations":[{"start":{"line":48,"column":32},"end":{"line":48,"column":44}},{"start":{"line":48,"column":47},"end":{"line":48,"column":63}}],"line":48},"2":{"loc":{"start":{"line":60,"column":18},"end":{"line":60,"column":63}},"type":"cond-expr","locations":[{"start":{"line":60,"column":32},"end":{"line":60,"column":44}},{"start":{"line":60,"column":47},"end":{"line":60,"column":63}}],"line":60}},"s":{"0":2,"1":11,"2":11,"3":11,"4":1,"5":1,"6":1,"7":1},"f":{"0":11,"1":1,"2":1,"3":1,"4":1},"b":{"0":[9,2],"1":[1,10],"2":[1,10]},"_coverageSchema":"1a1c01bbd47fc00a2c39e90264f33305004495a9","hash":"5f790324b6695036faa964c18690e2dacef241e3"}
,"C:\\Users\\lucas\\OneDrive\\Documents\\informatique\\react-native-apps\\hulu-react-native-ts\\client\\src\\components\\Home\\Events\\index.ts": {"path":"C:\\Users\\lucas\\OneDrive\\Documents\\informatique\\react-native-apps\\hulu-react-native-ts\\client\\src\\components\\Home\\Events\\index.ts","statementMap":{},"fnMap":{},"branchMap":{},"s":{},"f":{},"b":{},"_coverageSchema":"1a1c01bbd47fc00a2c39e90264f33305004495a9","hash":"3a0117425795eb2297d5dd5a04a504208699b1ae"}
,"C:\\Users\\lucas\\OneDrive\\Documents\\informatique\\react-native-apps\\hulu-react-native-ts\\client\\src\\components\\Home\\Header\\Header.tsx": {"path":"C:\\Users\\lucas\\OneDrive\\Documents\\informatique\\react-native-apps\\hulu-react-native-ts\\client\\src\\components\\Home\\Header\\Header.tsx","statementMap":{"0":{"start":{"line":15,"column":32},"end":{"line":66,"column":1}},"1":{"start":{"line":16,"column":28},"end":{"line":16,"column":52}},"2":{"start":{"line":18,"column":21},"end":{"line":18,"column":76}},"3":{"start":{"line":20,"column":2},"end":{"line":65,"column":4}},"4":{"start":{"line":33,"column":25},"end":{"line":33,"column":53}},"5":{"start":{"line":54,"column":25},"end":{"line":54,"column":53}}},"fnMap":{"0":{"name":"(anonymous_0)","decl":{"start":{"line":15,"column":32},"end":{"line":15,"column":33}},"loc":{"start":{"line":15,"column":38},"end":{"line":66,"column":1}},"line":15},"1":{"name":"(anonymous_1)","decl":{"start":{"line":33,"column":19},"end":{"line":33,"column":20}},"loc":{"start":{"line":33,"column":25},"end":{"line":33,"column":53}},"line":33},"2":{"name":"(anonymous_2)","decl":{"start":{"line":54,"column":19},"end":{"line":54,"column":20}},"loc":{"start":{"line":54,"column":25},"end":{"line":54,"column":53}},"line":54}},"branchMap":{},"s":{"0":2,"1":6,"2":6,"3":6,"4":1,"5":1},"f":{"0":6,"1":1,"2":1},"b":{},"_coverageSchema":"1a1c01bbd47fc00a2c39e90264f33305004495a9","hash":"42a96799c6c31f51f0041d4741a48f647e90ec11"}
,"C:\\Users\\lucas\\OneDrive\\Documents\\informatique\\react-native-apps\\hulu-react-native-ts\\client\\src\\components\\Home\\Header\\index.ts": {"path":"C:\\Users\\lucas\\OneDrive\\Documents\\informatique\\react-native-apps\\hulu-react-native-ts\\client\\src\\components\\Home\\Header\\index.ts","statementMap":{},"fnMap":{},"branchMap":{},"s":{},"f":{},"b":{},"_coverageSchema":"1a1c01bbd47fc00a2c39e90264f33305004495a9","hash":"1782c4a1db71c438fee743bc308973ae299a33cd"}
,"C:\\Users\\lucas\\OneDrive\\Documents\\informatique\\react-native-apps\\hulu-react-native-ts\\client\\src\\components\\Home\\LiveTvMakesItBetter\\LiveTvMakesItBetter.tsx": {"path":"C:\\Users\\lucas\\OneDrive\\Documents\\informatique\\react-native-apps\\hulu-react-native-ts\\client\\src\\components\\Home\\LiveTvMakesItBetter\\LiveTvMakesItBetter.tsx","statementMap":{"0":{"start":{"line":5,"column":45},"end":{"line":35,"column":1}},"1":{"start":{"line":6,"column":2},"end":{"line":34,"column":4}}},"fnMap":{"0":{"name":"(anonymous_0)","decl":{"start":{"line":5,"column":45},"end":{"line":5,"column":46}},"loc":{"start":{"line":5,"column":51},"end":{"line":35,"column":1}},"line":5}},"branchMap":{},"s":{"0":2,"1":3},"f":{"0":3},"b":{},"_coverageSchema":"1a1c01bbd47fc00a2c39e90264f33305004495a9","hash":"6176c24b7b77e4709c0e6e7f119b76ef91a34108"}
,"C:\\Users\\lucas\\OneDrive\\Documents\\informatique\\react-native-apps\\hulu-react-native-ts\\client\\src\\components\\Home\\LiveTvMakesItBetter\\index.ts": {"path":"C:\\Users\\lucas\\OneDrive\\Documents\\informatique\\react-native-apps\\hulu-react-native-ts\\client\\src\\components\\Home\\LiveTvMakesItBetter\\index.ts","statementMap":{},"fnMap":{},"branchMap":{},"s":{},"f":{},"b":{},"_coverageSchema":"1a1c01bbd47fc00a2c39e90264f33305004495a9","hash":"a9ed6a87a172b8e342f82b41c8caa79ce178b6d2"}
,"C:\\Users\\lucas\\OneDrive\\Documents\\informatique\\react-native-apps\\hulu-react-native-ts\\client\\src\\components\\SettingsPopUp\\ChangePassword\\ChangePassword.tsx": {"path":"C:\\Users\\lucas\\OneDrive\\Documents\\informatique\\react-native-apps\\hulu-react-native-ts\\client\\src\\components\\SettingsPopUp\\ChangePassword\\ChangePassword.tsx","statementMap":{"0":{"start":{"line":29,"column":47},"end":{"line":158,"column":1}},"1":{"start":{"line":30,"column":21},"end":{"line":30,"column":61}},"2":{"start":{"line":32,"column":23},"end":{"line":32,"column":54}},"3":{"start":{"line":35,"column":36},"end":{"line":37,"column":4}},"4":{"start":{"line":39,"column":19},"end":{"line":42,"column":3}},"5":{"start":{"line":40,"column":4},"end":{"line":40,"column":23}},"6":{"start":{"line":41,"column":4},"end":{"line":41,"column":17}},"7":{"start":{"line":44,"column":31},"end":{"line":53,"column":3}},"8":{"start":{"line":48,"column":21},"end":{"line":51,"column":6}},"9":{"start":{"line":52,"column":4},"end":{"line":52,"column":16}},"10":{"start":{"line":55,"column":45},"end":{"line":55,"column":78}},"11":{"start":{"line":57,"column":2},"end":{"line":157,"column":4}},"12":{"start":{"line":68,"column":47},"end":{"line":68,"column":65}},"13":{"start":{"line":79,"column":16},"end":{"line":93,"column":23}},"14":{"start":{"line":106,"column":16},"end":{"line":122,"column":23}},"15":{"start":{"line":138,"column":27},"end":{"line":138,"column":49}}},"fnMap":{"0":{"name":"(anonymous_0)","decl":{"start":{"line":29,"column":47},"end":{"line":29,"column":48}},"loc":{"start":{"line":29,"column":72},"end":{"line":158,"column":1}},"line":29},"1":{"name":"(anonymous_1)","decl":{"start":{"line":39,"column":19},"end":{"line":39,"column":20}},"loc":{"start":{"line":39,"column":62},"end":{"line":42,"column":3}},"line":39},"2":{"name":"(anonymous_2)","decl":{"start":{"line":44,"column":31},"end":{"line":44,"column":32}},"loc":{"start":{"line":47,"column":49},"end":{"line":53,"column":3}},"line":47},"3":{"name":"(anonymous_3)","decl":{"start":{"line":68,"column":41},"end":{"line":68,"column":42}},"loc":{"start":{"line":68,"column":47},"end":{"line":68,"column":65}},"line":68},"4":{"name":"(anonymous_4)","decl":{"start":{"line":75,"column":22},"end":{"line":75,"column":23}},"loc":{"start":{"line":79,"column":16},"end":{"line":93,"column":23}},"line":79},"5":{"name":"(anonymous_5)","decl":{"start":{"line":102,"column":22},"end":{"line":102,"column":23}},"loc":{"start":{"line":106,"column":16},"end":{"line":122,"column":23}},"line":106},"6":{"name":"(anonymous_6)","decl":{"start":{"line":138,"column":21},"end":{"line":138,"column":22}},"loc":{"start":{"line":138,"column":27},"end":{"line":138,"column":49}},"line":138}},"branchMap":{"0":{"loc":{"start":{"line":81,"column":27},"end":{"line":81,"column":38}},"type":"binary-expr","locations":[{"start":{"line":81,"column":27},"end":{"line":81,"column":32}},{"start":{"line":81,"column":36},"end":{"line":81,"column":38}}],"line":81},"1":{"loc":{"start":{"line":88,"column":19},"end":{"line":92,"column":19}},"type":"binary-expr","locations":[{"start":{"line":88,"column":19},"end":{"line":88,"column":26}},{"start":{"line":89,"column":20},"end":{"line":91,"column":27}}],"line":88},"2":{"loc":{"start":{"line":108,"column":27},"end":{"line":108,"column":38}},"type":"binary-expr","locations":[{"start":{"line":108,"column":27},"end":{"line":108,"column":32}},{"start":{"line":108,"column":36},"end":{"line":108,"column":38}}],"line":108},"3":{"loc":{"start":{"line":117,"column":19},"end":{"line":121,"column":19}},"type":"binary-expr","locations":[{"start":{"line":117,"column":19},"end":{"line":117,"column":26}},{"start":{"line":118,"column":20},"end":{"line":120,"column":27}}],"line":117},"4":{"loc":{"start":{"line":129,"column":15},"end":{"line":133,"column":15}},"type":"cond-expr","locations":[{"start":{"line":130,"column":16},"end":{"line":130,"column":50}},{"start":{"line":132,"column":16},"end":{"line":132,"column":80}}],"line":129},"5":{"loc":{"start":{"line":150,"column":11},"end":{"line":150,"column":77}},"type":"binary-expr","locations":[{"start":{"line":150,"column":11},"end":{"line":150,"column":15}},{"start":{"line":150,"column":19},"end":{"line":150,"column":77}}],"line":150},"6":{"loc":{"start":{"line":151,"column":11},"end":{"line":153,"column":11}},"type":"binary-expr","locations":[{"start":{"line":151,"column":11},"end":{"line":151,"column":16}},{"start":{"line":152,"column":12},"end":{"line":152,"column":77}}],"line":151}},"s":{"0":2,"1":9,"2":9,"3":9,"4":9,"5":1,"6":1,"7":9,"8":1,"9":0,"10":9,"11":9,"12":0,"13":15,"14":15,"15":1},"f":{"0":9,"1":1,"2":1,"3":0,"4":15,"5":15,"6":1},"b":{"0":[15,10],"1":[15,2],"2":[15,10],"3":[15,2],"4":[0,9],"5":[9,0],"6":[9,0]},"_coverageSchema":"1a1c01bbd47fc00a2c39e90264f33305004495a9","hash":"4d1363214d1fc4215cefb49babfe7ab8a9e42d07"}
,"C:\\Users\\lucas\\OneDrive\\Documents\\informatique\\react-native-apps\\hulu-react-native-ts\\client\\src\\components\\SettingsPopUp\\ChangePassword\\index.ts": {"path":"C:\\Users\\lucas\\OneDrive\\Documents\\informatique\\react-native-apps\\hulu-react-native-ts\\client\\src\\components\\SettingsPopUp\\ChangePassword\\index.ts","statementMap":{},"fnMap":{},"branchMap":{},"s":{},"f":{},"b":{},"_coverageSchema":"1a1c01bbd47fc00a2c39e90264f33305004495a9","hash":"86389cb7efc807f30b70d0244d3fb6b806174cea"}
,"C:\\Users\\lucas\\OneDrive\\Documents\\informatique\\react-native-apps\\hulu-react-native-ts\\client\\src\\components\\SettingsPopUp\\Logout\\Logout.tsx": {"path":"C:\\Users\\lucas\\OneDrive\\Documents\\informatique\\react-native-apps\\hulu-react-native-ts\\client\\src\\components\\SettingsPopUp\\Logout\\Logout.tsx","statementMap":{"0":{"start":{"line":13,"column":39},"end":{"line":53,"column":1}},"1":{"start":{"line":14,"column":21},"end":{"line":14,"column":76}},"2":{"start":{"line":16,"column":23},"end":{"line":16,"column":54}},"3":{"start":{"line":17,"column":2},"end":{"line":52,"column":4}},"4":{"start":{"line":33,"column":25},"end":{"line":33,"column":52}},"5":{"start":{"line":43,"column":25},"end":{"line":43,"column":46}}},"fnMap":{"0":{"name":"(anonymous_0)","decl":{"start":{"line":13,"column":39},"end":{"line":13,"column":40}},"loc":{"start":{"line":13,"column":63},"end":{"line":53,"column":1}},"line":13},"1":{"name":"(anonymous_1)","decl":{"start":{"line":33,"column":19},"end":{"line":33,"column":20}},"loc":{"start":{"line":33,"column":25},"end":{"line":33,"column":52}},"line":33},"2":{"name":"(anonymous_2)","decl":{"start":{"line":43,"column":19},"end":{"line":43,"column":20}},"loc":{"start":{"line":43,"column":25},"end":{"line":43,"column":46}},"line":43}},"branchMap":{},"s":{"0":2,"1":6,"2":6,"3":6,"4":1,"5":1},"f":{"0":6,"1":1,"2":1},"b":{},"_coverageSchema":"1a1c01bbd47fc00a2c39e90264f33305004495a9","hash":"6e55f4b0f4100ea33abbccd7144482092c438f71"}
,"C:\\Users\\lucas\\OneDrive\\Documents\\informatique\\react-native-apps\\hulu-react-native-ts\\client\\src\\components\\SettingsPopUp\\Logout\\index.ts": {"path":"C:\\Users\\lucas\\OneDrive\\Documents\\informatique\\react-native-apps\\hulu-react-native-ts\\client\\src\\components\\SettingsPopUp\\Logout\\index.ts","statementMap":{},"fnMap":{},"branchMap":{},"s":{},"f":{},"b":{},"_coverageSchema":"1a1c01bbd47fc00a2c39e90264f33305004495a9","hash":"9581f564d137d18918602b12c72c28f9b0fd3c69"}
,"C:\\Users\\lucas\\OneDrive\\Documents\\informatique\\react-native-apps\\hulu-react-native-ts\\client\\src\\components\\StateMessage\\StateMessage.tsx": {"path":"C:\\Users\\lucas\\OneDrive\\Documents\\informatique\\react-native-apps\\hulu-react-native-ts\\client\\src\\components\\StateMessage\\StateMessage.tsx","statementMap":{"0":{"start":{"line":11,"column":45},"end":{"line":38,"column":1}},"1":{"start":{"line":12,"column":22},"end":{"line":12,"column":52}},"2":{"start":{"line":14,"column":2},"end":{"line":37,"column":4}}},"fnMap":{"0":{"name":"(anonymous_0)","decl":{"start":{"line":11,"column":45},"end":{"line":11,"column":46}},"loc":{"start":{"line":11,"column":69},"end":{"line":38,"column":1}},"line":11}},"branchMap":{"0":{"loc":{"start":{"line":26,"column":10},"end":{"line":26,"column":56}},"type":"cond-expr","locations":[{"start":{"line":26,"column":27},"end":{"line":26,"column":39}},{"start":{"line":26,"column":42},"end":{"line":26,"column":56}}],"line":26},"1":{"loc":{"start":{"line":30,"column":9},"end":{"line":34,"column":9}},"type":"cond-expr","locations":[{"start":{"line":31,"column":10},"end":{"line":31,"column":75}},{"start":{"line":33,"column":10},"end":{"line":33,"column":78}}],"line":30}},"s":{"0":5,"1":8,"2":8},"f":{"0":8},"b":{"0":[5,3],"1":[5,3]},"_coverageSchema":"1a1c01bbd47fc00a2c39e90264f33305004495a9","hash":"59e9ab8db1837d5314268e940cb84d32e2ee64ab"}
,"C:\\Users\\lucas\\OneDrive\\Documents\\informatique\\react-native-apps\\hulu-react-native-ts\\client\\src\\components\\StateMessage\\index.ts": {"path":"C:\\Users\\lucas\\OneDrive\\Documents\\informatique\\react-native-apps\\hulu-react-native-ts\\client\\src\\components\\StateMessage\\index.ts","statementMap":{},"fnMap":{},"branchMap":{},"s":{},"f":{},"b":{},"_coverageSchema":"1a1c01bbd47fc00a2c39e90264f33305004495a9","hash":"1cfcab0a045470594cf5bca8cceeb524387e620c"}
,"C:\\Users\\lucas\\OneDrive\\Documents\\informatique\\react-native-apps\\hulu-react-native-ts\\client\\src\\contexts\\AppContext.ts": {"path":"C:\\Users\\lucas\\OneDrive\\Documents\\informatique\\react-native-apps\\hulu-react-native-ts\\client\\src\\contexts\\AppContext.ts","statementMap":{"0":{"start":{"line":12,"column":26},"end":{"line":12,"column":68}}},"fnMap":{},"branchMap":{},"s":{"0":20},"f":{},"b":{},"_coverageSchema":"1a1c01bbd47fc00a2c39e90264f33305004495a9","hash":"ee2199b1b67b207222fef7a53735a675f2883864"}
,"C:\\Users\\lucas\\OneDrive\\Documents\\informatique\\react-native-apps\\hulu-react-native-ts\\client\\src\\hooks\\useAllMovies.tsx": {"path":"C:\\Users\\lucas\\OneDrive\\Documents\\informatique\\react-native-apps\\hulu-react-native-ts\\client\\src\\hooks\\useAllMovies.tsx","statementMap":{"0":{"start":{"line":9,"column":30},"end":{"line":12,"column":1}},"1":{"start":{"line":10,"column":19},"end":{"line":10,"column":51}},"2":{"start":{"line":11,"column":2},"end":{"line":11,"column":22}},"3":{"start":{"line":14,"column":28},"end":{"line":16,"column":1}},"4":{"start":{"line":15,"column":2},"end":{"line":15,"column":62}},"5":{"start":{"line":15,"column":39},"end":{"line":15,"column":60}}},"fnMap":{"0":{"name":"(anonymous_0)","decl":{"start":{"line":9,"column":30},"end":{"line":9,"column":31}},"loc":{"start":{"line":9,"column":78},"end":{"line":12,"column":1}},"line":9},"1":{"name":"(anonymous_1)","decl":{"start":{"line":14,"column":28},"end":{"line":14,"column":29}},"loc":{"start":{"line":14,"column":77},"end":{"line":16,"column":1}},"line":14},"2":{"name":"(anonymous_2)","decl":{"start":{"line":15,"column":33},"end":{"line":15,"column":34}},"loc":{"start":{"line":15,"column":39},"end":{"line":15,"column":60}},"line":15}},"branchMap":{},"s":{"0":2,"1":4,"2":2,"3":2,"4":6,"5":4},"f":{"0":4,"1":6,"2":4},"b":{},"_coverageSchema":"1a1c01bbd47fc00a2c39e90264f33305004495a9","hash":"68d774c673e3cb35ad49c3a340f9a75830eb0739"}
,"C:\\Users\\lucas\\OneDrive\\Documents\\informatique\\react-native-apps\\hulu-react-native-ts\\client\\src\\hooks\\useSaveMovie.tsx": {"path":"C:\\Users\\lucas\\OneDrive\\Documents\\informatique\\react-native-apps\\hulu-react-native-ts\\client\\src\\hooks\\useSaveMovie.tsx","statementMap":{"0":{"start":{"line":6,"column":23},"end":{"line":13,"column":1}},"1":{"start":{"line":10,"column":2},"end":{"line":12,"column":5}},"2":{"start":{"line":15,"column":28},"end":{"line":17,"column":1}},"3":{"start":{"line":16,"column":2},"end":{"line":16,"column":59}},"4":{"start":{"line":16,"column":27},"end":{"line":16,"column":57}}},"fnMap":{"0":{"name":"(anonymous_0)","decl":{"start":{"line":6,"column":23},"end":{"line":6,"column":24}},"loc":{"start":{"line":9,"column":20},"end":{"line":13,"column":1}},"line":9},"1":{"name":"(anonymous_1)","decl":{"start":{"line":15,"column":28},"end":{"line":15,"column":29}},"loc":{"start":{"line":15,"column":76},"end":{"line":17,"column":1}},"line":15},"2":{"name":"(anonymous_2)","decl":{"start":{"line":16,"column":21},"end":{"line":16,"column":22}},"loc":{"start":{"line":16,"column":27},"end":{"line":16,"column":57}},"line":16}},"branchMap":{},"s":{"0":5,"1":1,"2":5,"3":7,"4":1},"f":{"0":1,"1":7,"2":1},"b":{},"_coverageSchema":"1a1c01bbd47fc00a2c39e90264f33305004495a9","hash":"4ec67530ac1fa50c4024afc00cc17705cc7dfc69"}
,"C:\\Users\\lucas\\OneDrive\\Documents\\informatique\\react-native-apps\\hulu-react-native-ts\\client\\src\\hooks\\useSavedMovies.tsx": {"path":"C:\\Users\\lucas\\OneDrive\\Documents\\informatique\\react-native-apps\\hulu-react-native-ts\\client\\src\\hooks\\useSavedMovies.tsx","statementMap":{"0":{"start":{"line":7,"column":25},"end":{"line":12,"column":1}},"1":{"start":{"line":10,"column":19},"end":{"line":10,"column":72}},"2":{"start":{"line":11,"column":2},"end":{"line":11,"column":26}},"3":{"start":{"line":14,"column":30},"end":{"line":16,"column":1}},"4":{"start":{"line":15,"column":2},"end":{"line":15,"column":67}},"5":{"start":{"line":15,"column":41},"end":{"line":15,"column":65}}},"fnMap":{"0":{"name":"(anonymous_0)","decl":{"start":{"line":7,"column":25},"end":{"line":7,"column":26}},"loc":{"start":{"line":9,"column":28},"end":{"line":12,"column":1}},"line":9},"1":{"name":"(anonymous_1)","decl":{"start":{"line":14,"column":30},"end":{"line":14,"column":31}},"loc":{"start":{"line":14,"column":62},"end":{"line":16,"column":1}},"line":14},"2":{"name":"(anonymous_2)","decl":{"start":{"line":15,"column":35},"end":{"line":15,"column":36}},"loc":{"start":{"line":15,"column":41},"end":{"line":15,"column":65}},"line":15}},"branchMap":{},"s":{"0":1,"1":3,"2":2,"3":1,"4":5,"5":3},"f":{"0":3,"1":5,"2":3},"b":{},"_coverageSchema":"1a1c01bbd47fc00a2c39e90264f33305004495a9","hash":"7959555bb95c21796ea1b2988aad7c23f592b4c4"}
,"C:\\Users\\lucas\\OneDrive\\Documents\\informatique\\react-native-apps\\hulu-react-native-ts\\client\\src\\hooks\\useUnsaveMovie.tsx": {"path":"C:\\Users\\lucas\\OneDrive\\Documents\\informatique\\react-native-apps\\hulu-react-native-ts\\client\\src\\hooks\\useUnsaveMovie.tsx","statementMap":{"0":{"start":{"line":6,"column":25},"end":{"line":13,"column":1}},"1":{"start":{"line":10,"column":2},"end":{"line":12,"column":5}},"2":{"start":{"line":15,"column":30},"end":{"line":17,"column":1}},"3":{"start":{"line":16,"column":2},"end":{"line":16,"column":61}},"4":{"start":{"line":16,"column":27},"end":{"line":16,"column":59}}},"fnMap":{"0":{"name":"(anonymous_0)","decl":{"start":{"line":6,"column":25},"end":{"line":6,"column":26}},"loc":{"start":{"line":9,"column":20},"end":{"line":13,"column":1}},"line":9},"1":{"name":"(anonymous_1)","decl":{"start":{"line":15,"column":30},"end":{"line":15,"column":31}},"loc":{"start":{"line":15,"column":78},"end":{"line":17,"column":1}},"line":15},"2":{"name":"(anonymous_2)","decl":{"start":{"line":16,"column":21},"end":{"line":16,"column":22}},"loc":{"start":{"line":16,"column":27},"end":{"line":16,"column":59}},"line":16}},"branchMap":{},"s":{"0":5,"1":1,"2":5,"3":7,"4":1},"f":{"0":1,"1":7,"2":1},"b":{},"_coverageSchema":"1a1c01bbd47fc00a2c39e90264f33305004495a9","hash":"b4a05b9152ca476fd8c393097f872112e7a3d7da"}
,"C:\\Users\\lucas\\OneDrive\\Documents\\informatique\\react-native-apps\\hulu-react-native-ts\\client\\src\\schemas\\validation.ts": {"path":"C:\\Users\\lucas\\OneDrive\\Documents\\informatique\\react-native-apps\\hulu-react-native-ts\\client\\src\\schemas\\validation.ts","statementMap":{"0":{"start":{"line":5,"column":30},"end":{"line":12,"column":13}},"1":{"start":{"line":14,"column":33},"end":{"line":24,"column":13}},"2":{"start":{"line":26,"column":39},"end":{"line":33,"column":13}}},"fnMap":{},"branchMap":{},"s":{"0":4,"1":4,"2":4},"f":{},"b":{},"_coverageSchema":"1a1c01bbd47fc00a2c39e90264f33305004495a9","hash":"04f2d234cf8f6e0e58cfc14b17d8062c8b8d86d4"}
,"C:\\Users\\lucas\\OneDrive\\Documents\\informatique\\react-native-apps\\hulu-react-native-ts\\client\\src\\screens\\Dashboard\\Dashboard.tsx": {"path":"C:\\Users\\lucas\\OneDrive\\Documents\\informatique\\react-native-apps\\hulu-react-native-ts\\client\\src\\screens\\Dashboard\\Dashboard.tsx","statementMap":{"0":{"start":{"line":12,"column":42},"end":{"line":34,"column":1}},"1":{"start":{"line":13,"column":24},"end":{"line":13,"column":64}},"2":{"start":{"line":16,"column":25},"end":{"line":19,"column":3}},"3":{"start":{"line":17,"column":19},"end":{"line":17,"column":36}},"4":{"start":{"line":18,"column":4},"end":{"line":18,"column":22}},"5":{"start":{"line":21,"column":2},"end":{"line":23,"column":9}},"6":{"start":{"line":22,"column":4},"end":{"line":22,"column":21}},"7":{"start":{"line":25,"column":2},"end":{"line":33,"column":4}}},"fnMap":{"0":{"name":"(anonymous_0)","decl":{"start":{"line":12,"column":42},"end":{"line":12,"column":43}},"loc":{"start":{"line":12,"column":50},"end":{"line":34,"column":1}},"line":12},"1":{"name":"(anonymous_1)","decl":{"start":{"line":16,"column":25},"end":{"line":16,"column":26}},"loc":{"start":{"line":16,"column":37},"end":{"line":19,"column":3}},"line":16},"2":{"name":"(anonymous_2)","decl":{"start":{"line":21,"column":12},"end":{"line":21,"column":13}},"loc":{"start":{"line":21,"column":18},"end":{"line":23,"column":3}},"line":21}},"branchMap":{},"s":{"0":1,"1":1,"2":1,"3":1,"4":1,"5":1,"6":1,"7":1},"f":{"0":1,"1":1,"2":1},"b":{},"_coverageSchema":"1a1c01bbd47fc00a2c39e90264f33305004495a9","hash":"0ef252f03d27a428e8da35e3819f8770bba71987"}
,"C:\\Users\\lucas\\OneDrive\\Documents\\informatique\\react-native-apps\\hulu-react-native-ts\\client\\src\\screens\\Home\\Home.tsx": {"path":"C:\\Users\\lucas\\OneDrive\\Documents\\informatique\\react-native-apps\\hulu-react-native-ts\\client\\src\\screens\\Home\\Home.tsx","statementMap":{"0":{"start":{"line":10,"column":30},"end":{"line":23,"column":1}},"1":{"start":{"line":11,"column":2},"end":{"line":22,"column":4}}},"fnMap":{"0":{"name":"(anonymous_0)","decl":{"start":{"line":10,"column":30},"end":{"line":10,"column":31}},"loc":{"start":{"line":10,"column":36},"end":{"line":23,"column":1}},"line":10}},"branchMap":{},"s":{"0":1,"1":1},"f":{"0":1},"b":{},"_coverageSchema":"1a1c01bbd47fc00a2c39e90264f33305004495a9","hash":"1c67f4425f1e4ff7205f39794b08c74a697f90cd"}
,"C:\\Users\\lucas\\OneDrive\\Documents\\informatique\\react-native-apps\\hulu-react-native-ts\\client\\src\\screens\\Legal\\Legal.tsx": {"path":"C:\\Users\\lucas\\OneDrive\\Documents\\informatique\\react-native-apps\\hulu-react-native-ts\\client\\src\\screens\\Legal\\Legal.tsx","statementMap":{"0":{"start":{"line":8,"column":38},"end":{"line":381,"column":1}},"1":{"start":{"line":9,"column":2},"end":{"line":380,"column":4}}},"fnMap":{"0":{"name":"(anonymous_0)","decl":{"start":{"line":8,"column":38},"end":{"line":8,"column":39}},"loc":{"start":{"line":8,"column":46},"end":{"line":381,"column":1}},"line":8}},"branchMap":{},"s":{"0":1,"1":1},"f":{"0":1},"b":{},"_coverageSchema":"1a1c01bbd47fc00a2c39e90264f33305004495a9","hash":"16d4a27128958d4ec3d67d65efe35f2cfe26c2f2"}
,"C:\\Users\\lucas\\OneDrive\\Documents\\informatique\\react-native-apps\\hulu-react-native-ts\\client\\src\\screens\\Login\\Login.tsx": {"path":"C:\\Users\\lucas\\OneDrive\\Documents\\informatique\\react-native-apps\\hulu-react-native-ts\\client\\src\\screens\\Login\\Login.tsx","statementMap":{"0":{"start":{"line":28,"column":31},"end":{"line":178,"column":1}},"1":{"start":{"line":29,"column":31},"end":{"line":29,"column":71}},"2":{"start":{"line":31,"column":21},"end":{"line":31,"column":76}},"3":{"start":{"line":34,"column":36},"end":{"line":36,"column":4}},"4":{"start":{"line":38,"column":19},"end":{"line":41,"column":3}},"5":{"start":{"line":39,"column":4},"end":{"line":39,"column":23}},"6":{"start":{"line":40,"column":4},"end":{"line":40,"column":17}},"7":{"start":{"line":43,"column":22},"end":{"line":70,"column":3}},"8":{"start":{"line":47,"column":21},"end":{"line":50,"column":6}},"9":{"start":{"line":53,"column":4},"end":{"line":67,"column":5}},"10":{"start":{"line":54,"column":6},"end":{"line":54,"column":50}},"11":{"start":{"line":57,"column":6},"end":{"line":57,"column":35}},"12":{"start":{"line":60,"column":6},"end":{"line":60,"column":42}},"13":{"start":{"line":63,"column":6},"end":{"line":66,"column":15}},"14":{"start":{"line":65,"column":8},"end":{"line":65,"column":42}},"15":{"start":{"line":69,"column":4},"end":{"line":69,"column":16}},"16":{"start":{"line":73,"column":4},"end":{"line":73,"column":28}},"17":{"start":{"line":75,"column":2},"end":{"line":177,"column":4}},"18":{"start":{"line":93,"column":16},"end":{"line":108,"column":23}},"19":{"start":{"line":120,"column":16},"end":{"line":136,"column":23}},"20":{"start":{"line":156,"column":29},"end":{"line":156,"column":60}}},"fnMap":{"0":{"name":"(anonymous_0)","decl":{"start":{"line":28,"column":31},"end":{"line":28,"column":32}},"loc":{"start":{"line":28,"column":37},"end":{"line":178,"column":1}},"line":28},"1":{"name":"(anonymous_1)","decl":{"start":{"line":38,"column":19},"end":{"line":38,"column":20}},"loc":{"start":{"line":38,"column":53},"end":{"line":41,"column":3}},"line":38},"2":{"name":"(anonymous_2)","decl":{"start":{"line":43,"column":22},"end":{"line":43,"column":23}},"loc":{"start":{"line":46,"column":40},"end":{"line":70,"column":3}},"line":46},"3":{"name":"(anonymous_3)","decl":{"start":{"line":63,"column":17},"end":{"line":63,"column":18}},"loc":{"start":{"line":63,"column":23},"end":{"line":66,"column":7}},"line":63},"4":{"name":"(anonymous_4)","decl":{"start":{"line":89,"column":22},"end":{"line":89,"column":23}},"loc":{"start":{"line":93,"column":16},"end":{"line":108,"column":23}},"line":93},"5":{"name":"(anonymous_5)","decl":{"start":{"line":116,"column":22},"end":{"line":116,"column":23}},"loc":{"start":{"line":120,"column":16},"end":{"line":136,"column":23}},"line":120},"6":{"name":"(anonymous_6)","decl":{"start":{"line":156,"column":23},"end":{"line":156,"column":24}},"loc":{"start":{"line":156,"column":29},"end":{"line":156,"column":60}},"line":156}},"branchMap":{"0":{"loc":{"start":{"line":53,"column":4},"end":{"line":67,"column":5}},"type":"if","locations":[{"start":{"line":53,"column":4},"end":{"line":67,"column":5}},{"start":{},"end":{}}],"line":53},"1":{"loc":{"start":{"line":95,"column":27},"end":{"line":95,"column":38}},"type":"binary-expr","locations":[{"start":{"line":95,"column":27},"end":{"line":95,"column":32}},{"start":{"line":95,"column":36},"end":{"line":95,"column":38}}],"line":95},"2":{"loc":{"start":{"line":103,"column":19},"end":{"line":107,"column":19}},"type":"binary-expr","locations":[{"start":{"line":103,"column":19},"end":{"line":103,"column":26}},{"start":{"line":104,"column":20},"end":{"line":106,"column":27}}],"line":103},"3":{"loc":{"start":{"line":122,"column":27},"end":{"line":122,"column":38}},"type":"binary-expr","locations":[{"start":{"line":122,"column":27},"end":{"line":122,"column":32}},{"start":{"line":122,"column":36},"end":{"line":122,"column":38}}],"line":122},"4":{"loc":{"start":{"line":131,"column":19},"end":{"line":135,"column":19}},"type":"binary-expr","locations":[{"start":{"line":131,"column":19},"end":{"line":131,"column":26}},{"start":{"line":132,"column":20},"end":{"line":134,"column":27}}],"line":131},"5":{"loc":{"start":{"line":143,"column":15},"end":{"line":149,"column":15}},"type":"cond-expr","locations":[{"start":{"line":144,"column":16},"end":{"line":144,"column":50}},{"start":{"line":146,"column":16},"end":{"line":148,"column":23}}],"line":143},"6":{"loc":{"start":{"line":167,"column":13},"end":{"line":169,"column":13}},"type":"binary-expr","locations":[{"start":{"line":167,"column":13},"end":{"line":167,"column":22}},{"start":{"line":168,"column":14},"end":{"line":168,"column":74}}],"line":167},"7":{"loc":{"start":{"line":170,"column":13},"end":{"line":172,"column":13}},"type":"binary-expr","locations":[{"start":{"line":170,"column":13},"end":{"line":170,"column":20}},{"start":{"line":171,"column":14},"end":{"line":171,"column":79}}],"line":170}},"s":{"0":1,"1":17,"2":17,"3":17,"4":17,"5":4,"6":4,"7":17,"8":4,"9":3,"10":2,"11":2,"12":2,"13":2,"14":2,"15":3,"16":17,"17":17,"18":29,"19":29,"20":1},"f":{"0":17,"1":4,"2":4,"3":2,"4":29,"5":29,"6":1},"b":{"0":[2,1],"1":[29,12],"2":[29,2],"3":[29,12],"4":[29,2],"5":[0,17],"6":[17,4],"7":[17,2]},"_coverageSchema":"1a1c01bbd47fc00a2c39e90264f33305004495a9","hash":"833949be96239a4cfc573365838123bd84161f7d"}
,"C:\\Users\\lucas\\OneDrive\\Documents\\informatique\\react-native-apps\\hulu-react-native-ts\\client\\src\\screens\\Register\\Register.tsx": {"path":"C:\\Users\\lucas\\OneDrive\\Documents\\informatique\\react-native-apps\\hulu-react-native-ts\\client\\src\\screens\\Register\\Register.tsx","statementMap":{"0":{"start":{"line":28,"column":34},"end":{"line":206,"column":1}},"1":{"start":{"line":29,"column":31},"end":{"line":29,"column":71}},"2":{"start":{"line":31,"column":21},"end":{"line":31,"column":76}},"3":{"start":{"line":34,"column":36},"end":{"line":36,"column":4}},"4":{"start":{"line":38,"column":19},"end":{"line":41,"column":3}},"5":{"start":{"line":39,"column":4},"end":{"line":39,"column":23}},"6":{"start":{"line":40,"column":4},"end":{"line":40,"column":17}},"7":{"start":{"line":43,"column":31},"end":{"line":71,"column":3}},"8":{"start":{"line":48,"column":21},"end":{"line":52,"column":6}},"9":{"start":{"line":55,"column":4},"end":{"line":68,"column":5}},"10":{"start":{"line":56,"column":6},"end":{"line":56,"column":45}},"11":{"start":{"line":58,"column":6},"end":{"line":58,"column":35}},"12":{"start":{"line":61,"column":6},"end":{"line":61,"column":42}},"13":{"start":{"line":64,"column":6},"end":{"line":67,"column":15}},"14":{"start":{"line":66,"column":8},"end":{"line":66,"column":42}},"15":{"start":{"line":70,"column":4},"end":{"line":70,"column":16}},"16":{"start":{"line":74,"column":4},"end":{"line":74,"column":37}},"17":{"start":{"line":76,"column":2},"end":{"line":205,"column":4}},"18":{"start":{"line":95,"column":16},"end":{"line":108,"column":23}},"19":{"start":{"line":120,"column":16},"end":{"line":134,"column":23}},"20":{"start":{"line":146,"column":16},"end":{"line":162,"column":23}},"21":{"start":{"line":185,"column":29},"end":{"line":185,"column":57}}},"fnMap":{"0":{"name":"(anonymous_0)","decl":{"start":{"line":28,"column":34},"end":{"line":28,"column":35}},"loc":{"start":{"line":28,"column":40},"end":{"line":206,"column":1}},"line":28},"1":{"name":"(anonymous_1)","decl":{"start":{"line":38,"column":19},"end":{"line":38,"column":20}},"loc":{"start":{"line":38,"column":56},"end":{"line":41,"column":3}},"line":38},"2":{"name":"(anonymous_2)","decl":{"start":{"line":43,"column":31},"end":{"line":43,"column":32}},"loc":{"start":{"line":47,"column":43},"end":{"line":71,"column":3}},"line":47},"3":{"name":"(anonymous_3)","decl":{"start":{"line":64,"column":17},"end":{"line":64,"column":18}},"loc":{"start":{"line":64,"column":23},"end":{"line":67,"column":7}},"line":64},"4":{"name":"(anonymous_4)","decl":{"start":{"line":91,"column":22},"end":{"line":91,"column":23}},"loc":{"start":{"line":95,"column":16},"end":{"line":108,"column":23}},"line":95},"5":{"name":"(anonymous_5)","decl":{"start":{"line":116,"column":22},"end":{"line":116,"column":23}},"loc":{"start":{"line":120,"column":16},"end":{"line":134,"column":23}},"line":120},"6":{"name":"(anonymous_6)","decl":{"start":{"line":142,"column":22},"end":{"line":142,"column":23}},"loc":{"start":{"line":146,"column":16},"end":{"line":162,"column":23}},"line":146},"7":{"name":"(anonymous_7)","decl":{"start":{"line":185,"column":23},"end":{"line":185,"column":24}},"loc":{"start":{"line":185,"column":29},"end":{"line":185,"column":57}},"line":185}},"branchMap":{"0":{"loc":{"start":{"line":55,"column":4},"end":{"line":68,"column":5}},"type":"if","locations":[{"start":{"line":55,"column":4},"end":{"line":68,"column":5}},{"start":{},"end":{}}],"line":55},"1":{"loc":{"start":{"line":97,"column":27},"end":{"line":97,"column":38}},"type":"binary-expr","locations":[{"start":{"line":97,"column":27},"end":{"line":97,"column":32}},{"start":{"line":97,"column":36},"end":{"line":97,"column":38}}],"line":97},"2":{"loc":{"start":{"line":103,"column":19},"end":{"line":107,"column":19}},"type":"binary-expr","locations":[{"start":{"line":103,"column":19},"end":{"line":103,"column":26}},{"start":{"line":104,"column":20},"end":{"line":106,"column":27}}],"line":103},"3":{"loc":{"start":{"line":122,"column":27},"end":{"line":122,"column":38}},"type":"binary-expr","locations":[{"start":{"line":122,"column":27},"end":{"line":122,"column":32}},{"start":{"line":122,"column":36},"end":{"line":122,"column":38}}],"line":122},"4":{"loc":{"start":{"line":129,"column":19},"end":{"line":133,"column":19}},"type":"binary-expr","locations":[{"start":{"line":129,"column":19},"end":{"line":129,"column":26}},{"start":{"line":130,"column":20},"end":{"line":132,"column":27}}],"line":129},"5":{"loc":{"start":{"line":148,"column":27},"end":{"line":148,"column":38}},"type":"binary-expr","locations":[{"start":{"line":148,"column":27},"end":{"line":148,"column":32}},{"start":{"line":148,"column":36},"end":{"line":148,"column":38}}],"line":148},"6":{"loc":{"start":{"line":157,"column":19},"end":{"line":161,"column":19}},"type":"binary-expr","locations":[{"start":{"line":157,"column":19},"end":{"line":157,"column":26}},{"start":{"line":158,"column":20},"end":{"line":160,"column":27}}],"line":157},"7":{"loc":{"start":{"line":172,"column":15},"end":{"line":178,"column":15}},"type":"cond-expr","locations":[{"start":{"line":173,"column":16},"end":{"line":173,"column":50}},{"start":{"line":175,"column":16},"end":{"line":177,"column":23}}],"line":172},"8":{"loc":{"start":{"line":195,"column":13},"end":{"line":197,"column":13}},"type":"binary-expr","locations":[{"start":{"line":195,"column":13},"end":{"line":195,"column":22}},{"start":{"line":196,"column":14},"end":{"line":196,"column":74}}],"line":195},"9":{"loc":{"start":{"line":198,"column":13},"end":{"line":200,"column":13}},"type":"binary-expr","locations":[{"start":{"line":198,"column":13},"end":{"line":198,"column":20}},{"start":{"line":199,"column":14},"end":{"line":199,"column":79}}],"line":198}},"s":{"0":1,"1":17,"2":17,"3":17,"4":17,"5":4,"6":4,"7":17,"8":4,"9":3,"10":2,"11":2,"12":2,"13":2,"14":2,"15":3,"16":17,"17":17,"18":29,"19":29,"20":29,"21":1},"f":{"0":17,"1":4,"2":4,"3":2,"4":29,"5":29,"6":29,"7":1},"b":{"0":[2,1],"1":[29,12],"2":[29,2],"3":[29,12],"4":[29,2],"5":[29,12],"6":[29,2],"7":[0,17],"8":[17,4],"9":[17,2]},"_coverageSchema":"1a1c01bbd47fc00a2c39e90264f33305004495a9","hash":"238d5f9207d30781196b19a97fcf17dd5435c981"}
,"C:\\Users\\lucas\\OneDrive\\Documents\\informatique\\react-native-apps\\hulu-react-native-ts\\client\\src\\screens\\SavedMovies\\SavedMovies.tsx": {"path":"C:\\Users\\lucas\\OneDrive\\Documents\\informatique\\react-native-apps\\hulu-react-native-ts\\client\\src\\screens\\SavedMovies\\SavedMovies.tsx","statementMap":{"0":{"start":{"line":12,"column":37},"end":{"line":47,"column":1}},"1":{"start":{"line":13,"column":21},"end":{"line":13,"column":61}},"2":{"start":{"line":15,"column":50},"end":{"line":15,"column":72}},"3":{"start":{"line":17,"column":2},"end":{"line":46,"column":4}},"4":{"start":{"line":36,"column":12},"end":{"line":36,"column":58}}},"fnMap":{"0":{"name":"(anonymous_0)","decl":{"start":{"line":12,"column":37},"end":{"line":12,"column":38}},"loc":{"start":{"line":12,"column":43},"end":{"line":47,"column":1}},"line":12},"1":{"name":"(anonymous_1)","decl":{"start":{"line":35,"column":19},"end":{"line":35,"column":20}},"loc":{"start":{"line":36,"column":12},"end":{"line":36,"column":58}},"line":36}},"branchMap":{"0":{"loc":{"start":{"line":25,"column":9},"end":{"line":25,"column":58}},"type":"binary-expr","locations":[{"start":{"line":25,"column":9},"end":{"line":25,"column":18}},{"start":{"line":25,"column":22},"end":{"line":25,"column":58}}],"line":25},"1":{"loc":{"start":{"line":27,"column":9},"end":{"line":31,"column":9}},"type":"binary-expr","locations":[{"start":{"line":27,"column":9},"end":{"line":27,"column":18}},{"start":{"line":27,"column":22},"end":{"line":27,"column":38}},{"start":{"line":28,"column":10},"end":{"line":30,"column":17}}],"line":27},"2":{"loc":{"start":{"line":33,"column":9},"end":{"line":37,"column":12}},"type":"binary-expr","locations":[{"start":{"line":33,"column":9},"end":{"line":33,"column":18}},{"start":{"line":34,"column":10},"end":{"line":34,"column":25}},{"start":{"line":35,"column":10},"end":{"line":37,"column":12}}],"line":33},"3":{"loc":{"start":{"line":39,"column":9},"end":{"line":43,"column":9}},"type":"binary-expr","locations":[{"start":{"line":39,"column":9},"end":{"line":39,"column":16}},{"start":{"line":40,"column":10},"end":{"line":42,"column":17}}],"line":39}},"s":{"0":1,"1":5,"2":5,"3":5,"4":20},"f":{"0":5,"1":20},"b":{"0":[5,3],"1":[5,1,0],"2":[5,1,1],"3":[5,1]},"_coverageSchema":"1a1c01bbd47fc00a2c39e90264f33305004495a9","hash":"d3937e8c3f612cf8d7350afe99bbc4cf0aca4467"}
,"C:\\Users\\lucas\\OneDrive\\Documents\\informatique\\react-native-apps\\hulu-react-native-ts\\client\\src\\screens\\Settings\\Settings.tsx": {"path":"C:\\Users\\lucas\\OneDrive\\Documents\\informatique\\react-native-apps\\hulu-react-native-ts\\client\\src\\screens\\Settings\\Settings.tsx","statementMap":{"0":{"start":{"line":20,"column":34},"end":{"line":127,"column":1}},"1":{"start":{"line":21,"column":21},"end":{"line":21,"column":76}},"2":{"start":{"line":23,"column":40},"end":{"line":23,"column":64}},"3":{"start":{"line":24,"column":42},"end":{"line":24,"column":66}},"4":{"start":{"line":26,"column":2},"end":{"line":126,"column":4}},"5":{"start":{"line":35,"column":27},"end":{"line":35,"column":47}},"6":{"start":{"line":50,"column":27},"end":{"line":50,"column":48}},"7":{"start":{"line":67,"column":14},"end":{"line":67,"column":43}},"8":{"start":{"line":84,"column":14},"end":{"line":86,"column":16}},"9":{"start":{"line":103,"column":14},"end":{"line":103,"column":64}}},"fnMap":{"0":{"name":"(anonymous_0)","decl":{"start":{"line":20,"column":34},"end":{"line":20,"column":35}},"loc":{"start":{"line":20,"column":42},"end":{"line":127,"column":1}},"line":20},"1":{"name":"(anonymous_1)","decl":{"start":{"line":35,"column":21},"end":{"line":35,"column":22}},"loc":{"start":{"line":35,"column":27},"end":{"line":35,"column":47}},"line":35},"2":{"name":"(anonymous_2)","decl":{"start":{"line":50,"column":21},"end":{"line":50,"column":22}},"loc":{"start":{"line":50,"column":27},"end":{"line":50,"column":48}},"line":50},"3":{"name":"(anonymous_3)","decl":{"start":{"line":66,"column":21},"end":{"line":66,"column":22}},"loc":{"start":{"line":66,"column":27},"end":{"line":68,"column":13}},"line":66},"4":{"name":"(anonymous_4)","decl":{"start":{"line":83,"column":21},"end":{"line":83,"column":22}},"loc":{"start":{"line":83,"column":27},"end":{"line":87,"column":13}},"line":83},"5":{"name":"(anonymous_5)","decl":{"start":{"line":102,"column":21},"end":{"line":102,"column":22}},"loc":{"start":{"line":102,"column":27},"end":{"line":104,"column":13}},"line":102}},"branchMap":{"0":{"loc":{"start":{"line":119,"column":9},"end":{"line":119,"column":66}},"type":"binary-expr","locations":[{"start":{"line":119,"column":9},"end":{"line":119,"column":20}},{"start":{"line":119,"column":24},"end":{"line":119,"column":66}}],"line":119},"1":{"loc":{"start":{"line":123,"column":9},"end":{"line":123,"column":77}},"type":"binary-expr","locations":[{"start":{"line":123,"column":9},"end":{"line":123,"column":21}},{"start":{"line":123,"column":25},"end":{"line":123,"column":77}}],"line":123}},"s":{"0":1,"1":9,"2":9,"3":9,"4":9,"5":1,"6":1,"7":1,"8":1,"9":1},"f":{"0":9,"1":1,"2":1,"3":1,"4":1,"5":1},"b":{"0":[9,1],"1":[9,1]},"_coverageSchema":"1a1c01bbd47fc00a2c39e90264f33305004495a9","hash":"45f1e8a5b291a20233824f885ce543948b3952b2"}
,"C:\\Users\\lucas\\OneDrive\\Documents\\informatique\\react-native-apps\\hulu-react-native-ts\\client\\src\\tests\\AppWrapper.tsx": {"path":"C:\\Users\\lucas\\OneDrive\\Documents\\informatique\\react-native-apps\\hulu-react-native-ts\\client\\src\\tests\\AppWrapper.tsx","statementMap":{"0":{"start":{"line":17,"column":43},"end":{"line":43,"column":1}},"1":{"start":{"line":26,"column":2},"end":{"line":42,"column":4}}},"fnMap":{"0":{"name":"(anonymous_0)","decl":{"start":{"line":17,"column":43},"end":{"line":17,"column":44}},"loc":{"start":{"line":25,"column":6},"end":{"line":43,"column":1}},"line":25},"1":{"name":"(anonymous_1)","decl":{"start":{"line":22,"column":13},"end":{"line":22,"column":14}},"loc":{"start":{"line":22,"column":19},"end":{"line":22,"column":21}},"line":22},"2":{"name":"(anonymous_2)","decl":{"start":{"line":23,"column":14},"end":{"line":23,"column":15}},"loc":{"start":{"line":23,"column":20},"end":{"line":23,"column":22}},"line":23},"3":{"name":"(anonymous_3)","decl":{"start":{"line":24,"column":21},"end":{"line":24,"column":22}},"loc":{"start":{"line":24,"column":27},"end":{"line":24,"column":29}},"line":24}},"branchMap":{"0":{"loc":{"start":{"line":19,"column":2},"end":{"line":19,"column":11}},"type":"default-arg","locations":[{"start":{"line":19,"column":10},"end":{"line":19,"column":11}}],"line":19},"1":{"loc":{"start":{"line":21,"column":2},"end":{"line":21,"column":20}},"type":"default-arg","locations":[{"start":{"line":21,"column":18},"end":{"line":21,"column":20}}],"line":21},"2":{"loc":{"start":{"line":22,"column":2},"end":{"line":22,"column":21}},"type":"default-arg","locations":[{"start":{"line":22,"column":13},"end":{"line":22,"column":21}}],"line":22},"3":{"loc":{"start":{"line":23,"column":2},"end":{"line":23,"column":22}},"type":"default-arg","locations":[{"start":{"line":23,"column":14},"end":{"line":23,"column":22}}],"line":23},"4":{"loc":{"start":{"line":24,"column":2},"end":{"line":24,"column":29}},"type":"default-arg","locations":[{"start":{"line":24,"column":21},"end":{"line":24,"column":29}}],"line":24}},"s":{"0":20,"1":83},"f":{"0":83,"1":0,"2":1,"3":6},"b":{"0":[80],"1":[83],"2":[80],"3":[83],"4":[83]},"_coverageSchema":"1a1c01bbd47fc00a2c39e90264f33305004495a9","hash":"a4d24ebdde94fbc862a6b5fb9c64239c509941a1"}
,"C:\\Users\\lucas\\OneDrive\\Documents\\informatique\\react-native-apps\\hulu-react-native-ts\\client\\src\\tests\\fakeData.ts": {"path":"C:\\Users\\lucas\\OneDrive\\Documents\\informatique\\react-native-apps\\hulu-react-native-ts\\client\\src\\tests\\fakeData.ts","statementMap":{"0":{"start":{"line":3,"column":19},"end":{"line":3,"column":21}},"1":{"start":{"line":4,"column":47},"end":{"line":4,"column":49}},"2":{"start":{"line":6,"column":0},"end":{"line":11,"column":1}},"3":{"start":{"line":6,"column":13},"end":{"line":6,"column":14}},"4":{"start":{"line":7,"column":2},"end":{"line":10,"column":5}}},"fnMap":{},"branchMap":{},"s":{"0":9,"1":9,"2":9,"3":9,"4":180},"f":{},"b":{},"_coverageSchema":"1a1c01bbd47fc00a2c39e90264f33305004495a9","hash":"10533aaa5042c60a7b139758cb592e3a16ff9de1"}
,"C:\\Users\\lucas\\OneDrive\\Documents\\informatique\\react-native-apps\\hulu-react-native-ts\\client\\src\\tests\\server.ts": {"path":"C:\\Users\\lucas\\OneDrive\\Documents\\informatique\\react-native-apps\\hulu-react-native-ts\\client\\src\\tests\\server.ts","statementMap":{"0":{"start":{"line":5,"column":22},"end":{"line":5,"column":46}}},"fnMap":{},"branchMap":{},"s":{"0":4},"f":{},"b":{},"_coverageSchema":"1a1c01bbd47fc00a2c39e90264f33305004495a9","hash":"bdcab3530ab09c819033489ae6ec3038556f7bcf"}
,"C:\\Users\\lucas\\OneDrive\\Documents\\informatique\\react-native-apps\\hulu-react-native-ts\\client\\src\\tests\\utils.tsx": {"path":"C:\\Users\\lucas\\OneDrive\\Documents\\informatique\\react-native-apps\\hulu-react-native-ts\\client\\src\\tests\\utils.tsx","statementMap":{"0":{"start":{"line":8,"column":24},"end":{"line":68,"column":1}},"1":{"start":{"line":10,"column":4},"end":{"line":16,"column":6}},"2":{"start":{"line":19,"column":4},"end":{"line":34,"column":6}},"3":{"start":{"line":37,"column":4},"end":{"line":45,"column":6}},"4":{"start":{"line":49,"column":4},"end":{"line":57,"column":6}},"5":{"start":{"line":61,"column":4},"end":{"line":66,"column":6}},"6":{"start":{"line":70,"column":30},"end":{"line":82,"column":4}},"7":{"start":{"line":71,"column":2},"end":{"line":82,"column":4}},"8":{"start":{"line":85,"column":26},"end":{"line":85,"column":49}},"9":{"start":{"line":86,"column":34},"end":{"line":88,"column":3}},"10":{"start":{"line":89,"column":2},"end":{"line":97,"column":4}},"11":{"start":{"line":92,"column":6},"end":{"line":96,"column":7}},"12":{"start":{"line":101,"column":26},"end":{"line":101,"column":49}},"13":{"start":{"line":102,"column":2},"end":{"line":106,"column":4}},"14":{"start":{"line":103,"column":4},"end":{"line":105,"column":26}}},"fnMap":{"0":{"name":"(anonymous_0)","decl":{"start":{"line":9,"column":26},"end":{"line":9,"column":27}},"loc":{"start":{"line":9,"column":45},"end":{"line":17,"column":3}},"line":9},"1":{"name":"(anonymous_1)","decl":{"start":{"line":18,"column":30},"end":{"line":18,"column":31}},"loc":{"start":{"line":18,"column":49},"end":{"line":35,"column":3}},"line":18},"2":{"name":"(anonymous_2)","decl":{"start":{"line":36,"column":23},"end":{"line":36,"column":24}},"loc":{"start":{"line":36,"column":42},"end":{"line":46,"column":3}},"line":36},"3":{"name":"(anonymous_3)","decl":{"start":{"line":48,"column":26},"end":{"line":48,"column":27}},"loc":{"start":{"line":48,"column":45},"end":{"line":58,"column":3}},"line":48},"4":{"name":"(anonymous_4)","decl":{"start":{"line":60,"column":30},"end":{"line":60,"column":31}},"loc":{"start":{"line":60,"column":49},"end":{"line":67,"column":3}},"line":60},"5":{"name":"(anonymous_5)","decl":{"start":{"line":70,"column":30},"end":{"line":70,"column":31}},"loc":{"start":{"line":71,"column":2},"end":{"line":82,"column":4}},"line":71},"6":{"name":"(anonymous_6)","decl":{"start":{"line":80,"column":13},"end":{"line":80,"column":14}},"loc":{"start":{"line":80,"column":19},"end":{"line":80,"column":21}},"line":80},"7":{"name":"renderWithClient","decl":{"start":{"line":84,"column":16},"end":{"line":84,"column":32}},"loc":{"start":{"line":84,"column":57},"end":{"line":98,"column":1}},"line":84},"8":{"name":"(anonymous_8)","decl":{"start":{"line":91,"column":14},"end":{"line":91,"column":15}},"loc":{"start":{"line":92,"column":6},"end":{"line":96,"column":7}},"line":92},"9":{"name":"createWrapper","decl":{"start":{"line":100,"column":16},"end":{"line":100,"column":29}},"loc":{"start":{"line":100,"column":32},"end":{"line":107,"column":1}},"line":100},"10":{"name":"(anonymous_10)","decl":{"start":{"line":102,"column":9},"end":{"line":102,"column":10}},"loc":{"start":{"line":103,"column":4},"end":{"line":105,"column":26}},"line":103}},"branchMap":{},"s":{"0":9,"1":2,"2":0,"3":2,"4":2,"5":2,"6":9,"7":50,"8":50,"9":50,"10":50,"11":0,"12":0,"13":0,"14":0},"f":{"0":2,"1":0,"2":2,"3":2,"4":2,"5":50,"6":4,"7":50,"8":0,"9":0,"10":0},"b":{},"_coverageSchema":"1a1c01bbd47fc00a2c39e90264f33305004495a9","hash":"ad2fe2674106631b831dbc8d9f98a3b01b8d00ec"}
,"C:\\Users\\lucas\\OneDrive\\Documents\\informatique\\react-native-apps\\hulu-react-native-ts\\client\\src\\utils\\asyncStorage.ts": {"path":"C:\\Users\\lucas\\OneDrive\\Documents\\informatique\\react-native-apps\\hulu-react-native-ts\\client\\src\\utils\\asyncStorage.ts","statementMap":{"0":{"start":{"line":4,"column":18},"end":{"line":10,"column":1}},"1":{"start":{"line":5,"column":2},"end":{"line":9,"column":3}},"2":{"start":{"line":6,"column":4},"end":{"line":6,"column":48}},"3":{"start":{"line":8,"column":4},"end":{"line":8,"column":32}},"4":{"start":{"line":13,"column":18},"end":{"line":25,"column":1}},"5":{"start":{"line":14,"column":2},"end":{"line":24,"column":3}},"6":{"start":{"line":15,"column":18},"end":{"line":15,"column":56}},"7":{"start":{"line":16,"column":4},"end":{"line":21,"column":5}},"8":{"start":{"line":17,"column":6},"end":{"line":17,"column":19}},"9":{"start":{"line":19,"column":6},"end":{"line":19,"column":60}},"10":{"start":{"line":20,"column":6},"end":{"line":20,"column":25}},"11":{"start":{"line":23,"column":4},"end":{"line":23,"column":33}}},"fnMap":{"0":{"name":"(anonymous_0)","decl":{"start":{"line":4,"column":18},"end":{"line":4,"column":19}},"loc":{"start":{"line":4,"column":56},"end":{"line":10,"column":1}},"line":4},"1":{"name":"(anonymous_1)","decl":{"start":{"line":13,"column":18},"end":{"line":13,"column":19}},"loc":{"start":{"line":13,"column":59},"end":{"line":25,"column":1}},"line":13}},"branchMap":{"0":{"loc":{"start":{"line":16,"column":4},"end":{"line":21,"column":5}},"type":"if","locations":[{"start":{"line":16,"column":4},"end":{"line":21,"column":5}},{"start":{"line":18,"column":11},"end":{"line":21,"column":5}}],"line":16}},"s":{"0":3,"1":4,"2":4,"3":0,"4":3,"5":1,"6":1,"7":1,"8":0,"9":1,"10":1,"11":0},"f":{"0":4,"1":1},"b":{"0":[0,1]},"_coverageSchema":"1a1c01bbd47fc00a2c39e90264f33305004495a9","hash":"72fea9cced8e9ff7e90833a4cfdff1e3800954af"}
,"C:\\Users\\lucas\\OneDrive\\Documents\\informatique\\react-native-apps\\hulu-react-native-ts\\client\\src\\utils\\urlTemplate.ts": {"path":"C:\\Users\\lucas\\OneDrive\\Documents\\informatique\\react-native-apps\\hulu-react-native-ts\\client\\src\\utils\\urlTemplate.ts","statementMap":{"0":{"start":{"line":2,"column":24},"end":{"line":2,"column":68}}},"fnMap":{},"branchMap":{},"s":{"0":9},"f":{},"b":{},"_coverageSchema":"1a1c01bbd47fc00a2c39e90264f33305004495a9","hash":"b38593aefb2a41d4c8bfcb148c49f200478206a8"}
}
