TN:
SF:assets\data\covers.ts
FNF:0
FNH:0
DA:5,2
LF:1
LH:1
BRF:0
BRH:0
end_of_record
TN:
SF:assets\data\events.ts
FNF:0
FNH:0
DA:5,2
LF:1
LH:1
BRF:0
BRH:0
end_of_record
TN:
SF:assets\data\movieRequests.ts
FNF:0
FNH:0
DA:5,2
LF:1
LH:1
BRF:0
BRH:0
end_of_record
TN:
SF:assets\images\cover-1.jpg
FNF:0
FNH:0
DA:1,3
LF:1
LH:1
BRF:0
BRH:0
end_of_record
TN:
SF:assets\images\cover-2.jpg
FNF:0
FNH:0
DA:1,2
LF:1
LH:1
BRF:0
BRH:0
end_of_record
TN:
SF:assets\images\cover-3.jpg
FNF:0
FNH:0
DA:1,2
LF:1
LH:1
BRF:0
BRH:0
end_of_record
TN:
SF:assets\images\cover-4.jpg
FNF:0
FNH:0
DA:1,2
LF:1
LH:1
BRF:0
BRH:0
end_of_record
TN:
SF:assets\images\header.jpg
FNF:0
FNH:0
DA:1,2
LF:1
LH:1
BRF:0
BRH:0
end_of_record
TN:
SF:assets\images\logo.png
FNF:0
FNH:0
DA:1,6
LF:1
LH:1
BRF:0
BRH:0
end_of_record
TN:
SF:assets\images\logos.png
FNF:0
FNH:0
DA:1,2
LF:1
LH:1
BRF:0
BRH:0
end_of_record
TN:
SF:src\Mocks\AppWrapper.tsx
FN:12,(anonymous_0)
FNF:1
FNH:1
FNDA:72,(anonymous_0)
DA:12,19
DA:13,72
DA:14,72
DA:15,72
DA:16,72
DA:18,72
LF:6
LH:6
BRF:0
BRH:0
end_of_record
TN:
SF:src\Mocks\server.ts
FNF:0
FNH:0
DA:5,1
LF:1
LH:1
BRF:0
BRH:0
end_of_record
TN:
SF:src\components\Animations\Loader\Loader.tsx
FN:10,(anonymous_0)
FNF:1
FNH:1
FNDA:6,(anonymous_0)
DA:10,6
DA:11,6
LF:2
LH:2
BRF:0
BRH:0
end_of_record
TN:
SF:src\components\Animations\Loader\index.ts
FNF:0
FNH:0
LF:0
LH:0
BRF:0
BRH:0
end_of_record
TN:
SF:src\components\Dashboard\Header\Header.tsx
FN:4,(anonymous_0)
FNF:1
FNH:1
FNDA:10,(anonymous_0)
DA:4,4
DA:5,10
LF:2
LH:2
BRF:0
BRH:0
end_of_record
TN:
SF:src\components\Dashboard\Header\index.ts
FNF:0
FNH:0
LF:0
LH:0
BRF:0
BRH:0
end_of_record
TN:
SF:src\components\Dashboard\Movie\Card\Card.tsx
FN:14,(anonymous_0)
FN:20,(anonymous_1)
FN:22,(anonymous_2)
FN:24,(anonymous_3)
FN:38,(anonymous_4)
FNF:5
FNH:2
FNDA:23,(anonymous_0)
FNDA:23,(anonymous_1)
FNDA:0,(anonymous_2)
FNDA:0,(anonymous_3)
FNDA:0,(anonymous_4)
DA:12,3
DA:14,3
DA:15,23
DA:16,23
DA:18,23
DA:20,23
DA:22,23
DA:23,0
DA:24,0
DA:25,0
DA:30,23
DA:38,0
LF:12
LH:8
BRDA:23,0,0,0
BRDA:23,0,1,0
BRDA:33,1,0,23
BRDA:33,1,1,21
BRDA:36,2,0,23
BRDA:36,2,1,2
BRDA:48,3,0,2
BRDA:48,3,1,0
BRF:8
BRH:5
end_of_record
TN:
SF:src\components\Dashboard\Movie\Card\index.ts
FNF:0
FNH:0
LF:0
LH:0
BRF:0
BRH:0
end_of_record
TN:
SF:src\components\Dashboard\Movie\Details\Details.tsx
FN:16,(anonymous_0)
FN:21,(anonymous_1)
FN:32,(anonymous_2)
FN:46,(anonymous_3)
FN:48,(anonymous_4)
FNF:5
FNH:4
FNDA:7,(anonymous_0)
FNDA:2,(anonymous_1)
FNDA:1,(anonymous_2)
FNDA:1,(anonymous_3)
FNDA:0,(anonymous_4)
DA:16,4
DA:17,7
DA:21,7
DA:22,2
DA:23,1
DA:24,1
DA:26,1
DA:27,1
DA:32,7
DA:34,1
DA:36,1
DA:37,1
DA:41,0
DA:46,7
DA:48,1
DA:49,0
DA:51,1
DA:52,1
DA:53,1
DA:57,0
DA:61,7
LF:21
LH:18
BRDA:22,0,0,1
BRDA:22,0,1,1
BRDA:64,1,0,7
BRDA:64,1,1,0
BRDA:70,2,0,7
BRDA:70,2,1,0
BRDA:75,3,0,7
BRDA:75,3,1,7
BRDA:85,4,0,4
BRDA:85,4,1,3
BRF:10
BRH:8
end_of_record
TN:
SF:src\components\Dashboard\Movie\Details\index.ts
FNF:0
FNH:0
LF:0
LH:0
BRF:0
BRH:0
end_of_record
TN:
SF:src\components\Dashboard\Movie\List\List.tsx
FN:10,(anonymous_0)
FN:39,(anonymous_1)
FNF:2
FNH:2
FNDA:5,(anonymous_0)
FNDA:20,(anonymous_1)
DA:10,2
DA:11,5
DA:13,5
DA:15,5
DA:17,5
DA:39,20
LF:6
LH:6
BRDA:20,0,0,5
BRDA:20,0,1,0
BRDA:27,1,0,5
BRDA:27,1,1,4
BRDA:38,2,0,5
BRDA:38,2,1,1
BRF:6
BRH:5
end_of_record
TN:
SF:src\components\Dashboard\Movie\List\index.ts
FNF:0
FNH:0
LF:0
LH:0
BRF:0
BRH:0
end_of_record
TN:
SF:src\components\Dashboard\Nav\Nav.tsx
FN:6,(anonymous_0)
FN:11,(anonymous_1)
FN:14,(anonymous_2)
FN:17,(anonymous_3)
FN:20,(anonymous_4)
FN:23,(anonymous_5)
FN:26,(anonymous_6)
FN:29,(anonymous_7)
FN:32,(anonymous_8)
FN:35,(anonymous_9)
FN:38,(anonymous_10)
FN:41,(anonymous_11)
FNF:12
FNH:1
FNDA:4,(anonymous_0)
FNDA:0,(anonymous_1)
FNDA:0,(anonymous_2)
FNDA:0,(anonymous_3)
FNDA:0,(anonymous_4)
FNDA:0,(anonymous_5)
FNDA:0,(anonymous_6)
FNDA:0,(anonymous_7)
FNDA:0,(anonymous_8)
FNDA:0,(anonymous_9)
FNDA:0,(anonymous_10)
FNDA:0,(anonymous_11)
DA:6,2
DA:7,4
DA:9,4
DA:11,0
DA:14,0
DA:17,0
DA:20,0
DA:23,0
DA:26,0
DA:29,0
DA:32,0
DA:35,0
DA:38,0
DA:41,0
LF:14
LH:3
BRF:0
BRH:0
end_of_record
TN:
SF:src\components\Dashboard\Nav\index.ts
FNF:0
FNH:0
LF:0
LH:0
BRF:0
BRH:0
end_of_record
TN:
SF:src\components\Home\AllTheTvYouLove\AllTheTvYouLove.tsx
FN:7,(anonymous_0)
FN:27,(anonymous_1)
FNF:2
FNH:2
FNDA:3,(anonymous_0)
FNDA:12,(anonymous_1)
DA:7,2
DA:8,3
DA:28,12
LF:3
LH:3
BRF:0
BRH:0
end_of_record
TN:
SF:src\components\Home\AllTheTvYouLove\index.ts
FNF:0
FNH:0
LF:0
LH:0
BRF:0
BRH:0
end_of_record
TN:
SF:src\components\Home\Cover\Cover.tsx
FN:6,(anonymous_0)
FNF:1
FNH:1
FNDA:13,(anonymous_0)
DA:6,3
DA:7,13
LF:2
LH:2
BRF:0
BRH:0
end_of_record
TN:
SF:src\components\Home\Cover\index.ts
FNF:0
FNH:0
LF:0
LH:0
BRF:0
BRH:0
end_of_record
TN:
SF:src\components\Home\Events\Events.tsx
FN:15,(anonymous_0)
FN:31,(anonymous_1)
FN:43,(anonymous_2)
FN:55,(anonymous_3)
FN:78,(anonymous_4)
FNF:5
FNH:5
FNDA:11,(anonymous_0)
FNDA:1,(anonymous_1)
FNDA:1,(anonymous_2)
FNDA:1,(anonymous_3)
FNDA:1,(anonymous_4)
DA:15,2
DA:16,11
DA:18,11
DA:20,11
DA:31,1
DA:43,1
DA:55,1
DA:78,1
LF:8
LH:8
BRDA:36,0,0,9
BRDA:36,0,1,2
BRDA:48,1,0,1
BRDA:48,1,1,10
BRDA:60,2,0,1
BRDA:60,2,1,10
BRF:6
BRH:6
end_of_record
TN:
SF:src\components\Home\Events\index.ts
FNF:0
FNH:0
LF:0
LH:0
BRF:0
BRH:0
end_of_record
TN:
SF:src\components\Home\Header\Header.tsx
FN:15,(anonymous_0)
FN:33,(anonymous_1)
FN:54,(anonymous_2)
FNF:3
FNH:3
FNDA:6,(anonymous_0)
FNDA:1,(anonymous_1)
FNDA:1,(anonymous_2)
DA:15,2
DA:16,6
DA:18,6
DA:20,6
DA:33,1
DA:54,1
LF:6
LH:6
BRF:0
BRH:0
end_of_record
TN:
SF:src\components\Home\Header\index.ts
FNF:0
FNH:0
LF:0
LH:0
BRF:0
BRH:0
end_of_record
TN:
SF:src\components\Home\LiveTvMakesItBetter\LiveTvMakesItBetter.tsx
FN:5,(anonymous_0)
FNF:1
FNH:1
FNDA:3,(anonymous_0)
DA:5,2
DA:6,3
LF:2
LH:2
BRF:0
BRH:0
end_of_record
TN:
SF:src\components\Home\LiveTvMakesItBetter\index.ts
FNF:0
FNH:0
LF:0
LH:0
BRF:0
BRH:0
end_of_record
TN:
SF:src\components\SettingsPopUp\ChangePassword\ChangePassword.tsx
FN:29,(anonymous_0)
FN:39,(anonymous_1)
FN:44,(anonymous_2)
FN:69,(anonymous_3)
FN:76,(anonymous_4)
FN:103,(anonymous_5)
FN:138,(anonymous_6)
FNF:7
FNH:6
FNDA:9,(anonymous_0)
FNDA:1,(anonymous_1)
FNDA:1,(anonymous_2)
FNDA:0,(anonymous_3)
FNDA:15,(anonymous_4)
FNDA:15,(anonymous_5)
FNDA:1,(anonymous_6)
DA:29,2
DA:30,9
DA:32,9
DA:35,9
DA:39,9
DA:40,1
DA:41,1
DA:44,9
DA:48,1
DA:52,0
DA:53,0
DA:56,9
DA:58,9
DA:69,0
DA:80,15
DA:107,15
DA:138,1
LF:17
LH:14
BRDA:82,0,0,15
BRDA:82,0,1,10
BRDA:89,1,0,15
BRDA:89,1,1,2
BRDA:109,2,0,15
BRDA:109,2,1,10
BRDA:118,3,0,15
BRDA:118,3,1,2
BRDA:130,4,0,0
BRDA:130,4,1,9
BRDA:148,5,0,9
BRDA:148,5,1,0
BRDA:149,6,0,9
BRDA:149,6,1,0
BRF:14
BRH:11
end_of_record
TN:
SF:src\components\SettingsPopUp\ChangePassword\index.ts
FNF:0
FNH:0
LF:0
LH:0
BRF:0
BRH:0
end_of_record
TN:
SF:src\components\SettingsPopUp\Logout\Logout.tsx
FN:13,(anonymous_0)
FN:33,(anonymous_1)
FN:43,(anonymous_2)
FNF:3
FNH:3
FNDA:6,(anonymous_0)
FNDA:1,(anonymous_1)
FNDA:1,(anonymous_2)
DA:13,2
DA:14,6
DA:16,6
DA:17,6
DA:33,1
DA:43,1
LF:6
LH:6
BRF:0
BRH:0
end_of_record
TN:
SF:src\components\SettingsPopUp\Logout\index.ts
FNF:0
FNH:0
LF:0
LH:0
BRF:0
BRH:0
end_of_record
TN:
SF:src\components\StateMessage\StateMessage.tsx
FN:11,(anonymous_0)
FNF:1
FNH:1
FNDA:2,(anonymous_0)
DA:11,5
DA:12,2
DA:14,2
LF:3
LH:3
BRDA:26,0,0,1
BRDA:26,0,1,1
BRDA:30,1,0,1
BRDA:30,1,1,1
BRF:4
BRH:4
end_of_record
TN:
SF:src\components\StateMessage\index.ts
FNF:0
FNH:0
LF:0
LH:0
BRF:0
BRH:0
end_of_record
TN:
SF:src\contexts\AppContext.ts
FNF:0
FNH:0
DA:12,19
LF:1
LH:1
BRF:0
BRH:0
end_of_record
TN:
SF:src\hooks\useAllMovies.tsx
FN:9,(anonymous_0)
FN:14,(anonymous_1)
FN:15,(anonymous_2)
FNF:3
FNH:3
FNDA:3,(anonymous_0)
FNDA:5,(anonymous_1)
FNDA:3,(anonymous_2)
DA:9,2
DA:10,3
DA:11,2
DA:14,2
DA:15,5
LF:5
LH:5
BRF:0
BRH:0
end_of_record
TN:
SF:src\schemas\validation.ts
FNF:0
FNH:0
DA:5,4
DA:14,4
DA:26,4
LF:3
LH:3
BRF:0
BRH:0
end_of_record
TN:
SF:src\screens\Dashboard\Dashboard.tsx
FN:12,(anonymous_0)
FN:16,(anonymous_1)
FN:21,(anonymous_2)
FNF:3
FNH:3
FNDA:2,(anonymous_0)
FNDA:1,(anonymous_1)
FNDA:1,(anonymous_2)
DA:12,1
DA:13,2
DA:16,2
DA:17,1
DA:18,1
DA:21,2
DA:22,1
DA:25,2
LF:8
LH:8
BRF:0
BRH:0
end_of_record
TN:
SF:src\screens\Home\Home.tsx
FN:10,(anonymous_0)
FNF:1
FNH:1
FNDA:1,(anonymous_0)
DA:10,1
DA:11,1
LF:2
LH:2
BRF:0
BRH:0
end_of_record
TN:
SF:src\screens\Legal\Legal.tsx
FN:8,(anonymous_0)
FNF:1
FNH:1
FNDA:1,(anonymous_0)
DA:8,1
DA:9,1
LF:2
LH:2
BRF:0
BRH:0
end_of_record
TN:
SF:src\screens\Login\Login.tsx
FN:29,(anonymous_0)
FN:39,(anonymous_1)
FN:44,(anonymous_2)
FN:64,(anonymous_3)
FN:90,(anonymous_4)
FN:117,(anonymous_5)
FN:157,(anonymous_6)
FNF:7
FNH:6
FNDA:9,(anonymous_0)
FNDA:1,(anonymous_1)
FNDA:1,(anonymous_2)
FNDA:0,(anonymous_3)
FNDA:15,(anonymous_4)
FNDA:15,(anonymous_5)
FNDA:1,(anonymous_6)
DA:29,1
DA:30,9
DA:32,9
DA:35,9
DA:39,9
DA:40,1
DA:41,1
DA:44,9
DA:48,1
DA:54,0
DA:55,0
DA:58,0
DA:61,0
DA:64,0
DA:66,0
DA:70,0
DA:73,9
DA:76,9
DA:94,15
DA:121,15
DA:157,1
LF:21
LH:14
BRDA:54,0,0,0
BRDA:54,0,1,0
BRDA:96,1,0,15
BRDA:96,1,1,9
BRDA:104,2,0,15
BRDA:104,2,1,2
BRDA:123,3,0,15
BRDA:123,3,1,9
BRDA:132,4,0,15
BRDA:132,4,1,2
BRDA:144,5,0,1
BRDA:144,5,1,8
BRDA:168,6,0,9
BRDA:168,6,1,0
BRDA:171,7,0,9
BRDA:171,7,1,0
BRF:16
BRH:12
end_of_record
TN:
SF:src\screens\Register\Register.tsx
FN:28,(anonymous_0)
FN:38,(anonymous_1)
FN:43,(anonymous_2)
FN:64,(anonymous_3)
FN:90,(anonymous_4)
FN:115,(anonymous_5)
FN:141,(anonymous_6)
FN:184,(anonymous_7)
FNF:8
FNH:7
FNDA:9,(anonymous_0)
FNDA:1,(anonymous_1)
FNDA:1,(anonymous_2)
FNDA:0,(anonymous_3)
FNDA:15,(anonymous_4)
FNDA:15,(anonymous_5)
FNDA:15,(anonymous_6)
FNDA:1,(anonymous_7)
DA:28,1
DA:29,9
DA:31,9
DA:34,9
DA:38,9
DA:39,1
DA:40,1
DA:43,9
DA:48,1
DA:55,0
DA:56,0
DA:58,0
DA:61,0
DA:64,0
DA:66,0
DA:70,0
DA:73,9
DA:75,9
DA:94,15
DA:119,15
DA:145,15
DA:184,1
LF:22
LH:15
BRDA:55,0,0,0
BRDA:55,0,1,0
BRDA:96,1,0,15
BRDA:96,1,1,9
BRDA:102,2,0,15
BRDA:102,2,1,2
BRDA:121,3,0,15
BRDA:121,3,1,9
BRDA:128,4,0,15
BRDA:128,4,1,2
BRDA:147,5,0,15
BRDA:147,5,1,9
BRDA:156,6,0,15
BRDA:156,6,1,2
BRDA:171,7,0,1
BRDA:171,7,1,8
BRDA:194,8,0,9
BRDA:194,8,1,0
BRDA:197,9,0,9
BRDA:197,9,1,0
BRF:20
BRH:16
end_of_record
TN:
SF:src\screens\Settings\Settings.tsx
FN:20,(anonymous_0)
FN:36,(anonymous_1)
FN:51,(anonymous_2)
FN:67,(anonymous_3)
FN:84,(anonymous_4)
FN:103,(anonymous_5)
FNF:6
FNH:3
FNDA:6,(anonymous_0)
FNDA:1,(anonymous_1)
FNDA:1,(anonymous_2)
FNDA:0,(anonymous_3)
FNDA:0,(anonymous_4)
FNDA:0,(anonymous_5)
DA:20,1
DA:21,6
DA:23,6
DA:25,6
DA:27,6
DA:36,1
DA:51,1
DA:68,0
DA:85,0
DA:104,0
LF:10
LH:7
BRDA:120,0,0,6
BRDA:120,0,1,1
BRDA:124,1,0,6
BRDA:124,1,1,1
BRF:4
BRH:4
end_of_record
TN:
SF:src\tests\fakeData.ts
FNF:0
FNH:0
DA:3,1
DA:4,1
DA:6,1
DA:7,20
LF:4
LH:4
BRF:0
BRH:0
end_of_record
TN:
SF:src\tests\utils.tsx
FN:9,(anonymous_0)
FN:19,(anonymous_1)
FN:38,(anonymous_2)
FN:63,(anonymous_3)
FN:73,(anonymous_4)
FN:77,renderWithClient
FN:84,(anonymous_6)
FN:93,createWrapper
FN:95,(anonymous_8)
FNF:9
FNH:3
FNDA:2,(anonymous_0)
FNDA:0,(anonymous_1)
FNDA:0,(anonymous_2)
FNDA:1,(anonymous_3)
FNDA:0,(anonymous_4)
FNDA:1,renderWithClient
FNDA:0,(anonymous_6)
FNDA:0,createWrapper
FNDA:0,(anonymous_8)
DA:8,1
DA:10,2
DA:11,2
DA:20,0
DA:21,0
DA:39,0
DA:40,0
DA:41,0
DA:63,1
DA:64,1
DA:78,1
DA:79,1
DA:82,1
DA:85,0
DA:94,0
DA:95,0
DA:96,0
LF:17
LH:8
BRF:0
BRH:0
end_of_record
TN:
SF:src\utils\asyncStorage.ts
FN:4,(anonymous_0)
FN:13,(anonymous_1)
FNF:2
FNH:1
FNDA:0,(anonymous_0)
FNDA:1,(anonymous_1)
DA:4,3
DA:5,0
DA:6,0
DA:8,0
DA:13,3
DA:14,1
DA:15,1
DA:16,1
DA:17,0
DA:19,1
DA:20,1
DA:23,0
LF:12
LH:7
BRDA:16,0,0,0
BRDA:16,0,1,1
BRF:2
BRH:1
end_of_record
TN:
SF:src\utils\urlTemplate.ts
FNF:0
FNH:0
DA:2,8
LF:1
LH:1
BRF:0
BRH:0
end_of_record
