TN:
SF:assets\data\covers.ts
FNF:0
FNH:0
DA:5,2
LF:1
LH:1
BRF:0
BRH:0
end_of_record
TN:
SF:assets\data\events.ts
FNF:0
FNH:0
DA:5,2
LF:1
LH:1
BRF:0
BRH:0
end_of_record
TN:
SF:assets\data\movieRequests.ts
FNF:0
FNH:0
DA:5,2
LF:1
LH:1
BRF:0
BRH:0
end_of_record
TN:
SF:assets\images\cover-1.jpg
FNF:0
FNH:0
DA:1,3
LF:1
LH:1
BRF:0
BRH:0
end_of_record
TN:
SF:assets\images\cover-2.jpg
FNF:0
FNH:0
DA:1,2
LF:1
LH:1
BRF:0
BRH:0
end_of_record
TN:
SF:assets\images\cover-3.jpg
FNF:0
FNH:0
DA:1,2
LF:1
LH:1
BRF:0
BRH:0
end_of_record
TN:
SF:assets\images\cover-4.jpg
FNF:0
FNH:0
DA:1,2
LF:1
LH:1
BRF:0
BRH:0
end_of_record
TN:
SF:assets\images\header.jpg
FNF:0
FNH:0
DA:1,2
LF:1
LH:1
BRF:0
BRH:0
end_of_record
TN:
SF:assets\images\logo.png
FNF:0
FNH:0
DA:1,7
LF:1
LH:1
BRF:0
BRH:0
end_of_record
TN:
SF:assets\images\logos.png
FNF:0
FNH:0
DA:1,2
LF:1
LH:1
BRF:0
BRH:0
end_of_record
TN:
SF:src\components\Animations\Loader\Loader.tsx
FN:9,(anonymous_0)
FNF:1
FNH:1
FNDA:3,(anonymous_0)
DA:9,7
DA:10,3
LF:2
LH:2
BRF:0
BRH:0
end_of_record
TN:
SF:src\components\Animations\Loader\index.ts
FNF:0
FNH:0
LF:0
LH:0
BRF:0
BRH:0
end_of_record
TN:
SF:src\components\Dashboard\Header\Header.tsx
FN:4,(anonymous_0)
FNF:1
FNH:1
FNDA:17,(anonymous_0)
DA:4,5
DA:5,17
LF:2
LH:2
BRF:0
BRH:0
end_of_record
TN:
SF:src\components\Dashboard\Header\index.ts
FNF:0
FNH:0
LF:0
LH:0
BRF:0
BRH:0
end_of_record
TN:
SF:src\components\Dashboard\Movie\Card\Card.tsx
FN:14,(anonymous_0)
FN:20,(anonymous_1)
FN:22,(anonymous_2)
FN:24,(anonymous_3)
FN:39,(anonymous_4)
FNF:5
FNH:3
FNDA:45,(anonymous_0)
FNDA:44,(anonymous_1)
FNDA:0,(anonymous_2)
FNDA:0,(anonymous_3)
FNDA:1,(anonymous_4)
DA:12,4
DA:14,4
DA:15,45
DA:16,45
DA:18,45
DA:20,45
DA:22,44
DA:23,0
DA:24,0
DA:25,0
DA:30,45
DA:39,1
LF:12
LH:9
BRDA:23,0,0,0
BRDA:23,0,1,0
BRDA:33,1,0,45
BRDA:33,1,1,41
BRDA:36,2,0,45
BRDA:36,2,1,4
BRDA:51,3,0,4
BRDA:51,3,1,1
BRF:8
BRH:6
end_of_record
TN:
SF:src\components\Dashboard\Movie\Card\index.ts
FNF:0
FNH:0
LF:0
LH:0
BRF:0
BRH:0
end_of_record
TN:
SF:src\components\Dashboard\Movie\Details\Details.tsx
FN:16,(anonymous_0)
FN:21,(anonymous_1)
FN:32,(anonymous_2)
FN:44,(anonymous_3)
FN:46,(anonymous_4)
FNF:5
FNH:4
FNDA:6,(anonymous_0)
FNDA:2,(anonymous_1)
FNDA:1,(anonymous_2)
FNDA:1,(anonymous_3)
FNDA:0,(anonymous_4)
DA:16,5
DA:17,6
DA:21,6
DA:22,2
DA:23,1
DA:24,1
DA:26,1
DA:27,1
DA:32,6
DA:34,1
DA:36,1
DA:37,1
DA:44,6
DA:46,1
DA:47,0
DA:49,1
DA:50,1
DA:51,1
DA:57,6
LF:19
LH:18
BRDA:22,0,0,1
BRDA:22,0,1,1
BRDA:60,1,0,6
BRDA:60,1,1,0
BRDA:66,2,0,6
BRDA:66,2,1,0
BRDA:71,3,0,6
BRDA:71,3,1,6
BRDA:81,4,0,3
BRDA:81,4,1,3
BRF:10
BRH:8
end_of_record
TN:
SF:src\components\Dashboard\Movie\Details\index.ts
FNF:0
FNH:0
LF:0
LH:0
BRF:0
BRH:0
end_of_record
TN:
SF:src\components\Dashboard\Movie\List\List.tsx
FN:10,(anonymous_0)
FN:18,(anonymous_1)
FN:45,(anonymous_2)
FNF:3
FNH:3
FNDA:6,(anonymous_0)
FNDA:4,(anonymous_1)
FNDA:20,(anonymous_2)
DA:10,2
DA:11,6
DA:13,6
DA:16,6
DA:18,6
DA:19,4
DA:22,6
DA:45,20
LF:8
LH:8
BRDA:25,0,0,6
BRDA:25,0,1,1
BRDA:32,1,0,6
BRDA:32,1,1,2
BRDA:32,1,2,0
BRDA:44,2,0,6
BRDA:44,2,1,1
BRF:7
BRH:6
end_of_record
TN:
SF:src\components\Dashboard\Movie\List\index.ts
FNF:0
FNH:0
LF:0
LH:0
BRF:0
BRH:0
end_of_record
TN:
SF:src\components\Dashboard\Nav\Nav.tsx
FN:6,(anonymous_0)
FN:11,(anonymous_1)
FN:14,(anonymous_2)
FN:17,(anonymous_3)
FN:20,(anonymous_4)
FN:23,(anonymous_5)
FN:26,(anonymous_6)
FN:29,(anonymous_7)
FN:32,(anonymous_8)
FN:35,(anonymous_9)
FN:38,(anonymous_10)
FN:41,(anonymous_11)
FNF:12
FNH:12
FNDA:4,(anonymous_0)
FNDA:1,(anonymous_1)
FNDA:1,(anonymous_2)
FNDA:1,(anonymous_3)
FNDA:1,(anonymous_4)
FNDA:1,(anonymous_5)
FNDA:1,(anonymous_6)
FNDA:1,(anonymous_7)
FNDA:1,(anonymous_8)
FNDA:1,(anonymous_9)
FNDA:1,(anonymous_10)
FNDA:1,(anonymous_11)
DA:6,2
DA:7,4
DA:9,4
DA:11,1
DA:14,1
DA:17,1
DA:20,1
DA:23,1
DA:26,1
DA:29,1
DA:32,1
DA:35,1
DA:38,1
DA:41,1
LF:14
LH:14
BRF:0
BRH:0
end_of_record
TN:
SF:src\components\Dashboard\Nav\index.ts
FNF:0
FNH:0
LF:0
LH:0
BRF:0
BRH:0
end_of_record
TN:
SF:src\components\Home\AllTheTvYouLove\AllTheTvYouLove.tsx
FN:7,(anonymous_0)
FN:27,(anonymous_1)
FNF:2
FNH:2
FNDA:3,(anonymous_0)
FNDA:12,(anonymous_1)
DA:7,2
DA:8,3
DA:28,12
LF:3
LH:3
BRF:0
BRH:0
end_of_record
TN:
SF:src\components\Home\AllTheTvYouLove\index.ts
FNF:0
FNH:0
LF:0
LH:0
BRF:0
BRH:0
end_of_record
TN:
SF:src\components\Home\Cover\Cover.tsx
FN:6,(anonymous_0)
FNF:1
FNH:1
FNDA:13,(anonymous_0)
DA:6,3
DA:7,13
LF:2
LH:2
BRF:0
BRH:0
end_of_record
TN:
SF:src\components\Home\Cover\index.ts
FNF:0
FNH:0
LF:0
LH:0
BRF:0
BRH:0
end_of_record
TN:
SF:src\components\Home\Events\Events.tsx
FN:15,(anonymous_0)
FN:31,(anonymous_1)
FN:43,(anonymous_2)
FN:55,(anonymous_3)
FN:78,(anonymous_4)
FNF:5
FNH:5
FNDA:11,(anonymous_0)
FNDA:1,(anonymous_1)
FNDA:1,(anonymous_2)
FNDA:1,(anonymous_3)
FNDA:1,(anonymous_4)
DA:15,2
DA:16,11
DA:18,11
DA:20,11
DA:31,1
DA:43,1
DA:55,1
DA:78,1
LF:8
LH:8
BRDA:36,0,0,9
BRDA:36,0,1,2
BRDA:48,1,0,1
BRDA:48,1,1,10
BRDA:60,2,0,1
BRDA:60,2,1,10
BRF:6
BRH:6
end_of_record
TN:
SF:src\components\Home\Events\index.ts
FNF:0
FNH:0
LF:0
LH:0
BRF:0
BRH:0
end_of_record
TN:
SF:src\components\Home\Header\Header.tsx
FN:15,(anonymous_0)
FN:33,(anonymous_1)
FN:54,(anonymous_2)
FNF:3
FNH:3
FNDA:6,(anonymous_0)
FNDA:1,(anonymous_1)
FNDA:1,(anonymous_2)
DA:15,2
DA:16,6
DA:18,6
DA:20,6
DA:33,1
DA:54,1
LF:6
LH:6
BRF:0
BRH:0
end_of_record
TN:
SF:src\components\Home\Header\index.ts
FNF:0
FNH:0
LF:0
LH:0
BRF:0
BRH:0
end_of_record
TN:
SF:src\components\Home\LiveTvMakesItBetter\LiveTvMakesItBetter.tsx
FN:5,(anonymous_0)
FNF:1
FNH:1
FNDA:3,(anonymous_0)
DA:5,2
DA:6,3
LF:2
LH:2
BRF:0
BRH:0
end_of_record
TN:
SF:src\components\Home\LiveTvMakesItBetter\index.ts
FNF:0
FNH:0
LF:0
LH:0
BRF:0
BRH:0
end_of_record
TN:
SF:src\components\SettingsPopUp\ChangePassword\ChangePassword.tsx
FN:29,(anonymous_0)
FN:39,(anonymous_1)
FN:44,(anonymous_2)
FN:68,(anonymous_3)
FN:75,(anonymous_4)
FN:102,(anonymous_5)
FN:138,(anonymous_6)
FNF:7
FNH:6
FNDA:9,(anonymous_0)
FNDA:1,(anonymous_1)
FNDA:1,(anonymous_2)
FNDA:0,(anonymous_3)
FNDA:15,(anonymous_4)
FNDA:15,(anonymous_5)
FNDA:1,(anonymous_6)
DA:29,2
DA:30,9
DA:32,9
DA:35,9
DA:39,9
DA:40,1
DA:41,1
DA:44,9
DA:48,1
DA:52,0
DA:55,9
DA:57,9
DA:68,0
DA:79,15
DA:106,15
DA:138,1
LF:16
LH:14
BRDA:81,0,0,15
BRDA:81,0,1,10
BRDA:88,1,0,15
BRDA:88,1,1,2
BRDA:108,2,0,15
BRDA:108,2,1,10
BRDA:117,3,0,15
BRDA:117,3,1,2
BRDA:129,4,0,0
BRDA:129,4,1,9
BRDA:150,5,0,9
BRDA:150,5,1,0
BRDA:151,6,0,9
BRDA:151,6,1,0
BRF:14
BRH:11
end_of_record
TN:
SF:src\components\SettingsPopUp\ChangePassword\index.ts
FNF:0
FNH:0
LF:0
LH:0
BRF:0
BRH:0
end_of_record
TN:
SF:src\components\SettingsPopUp\Logout\Logout.tsx
FN:13,(anonymous_0)
FN:33,(anonymous_1)
FN:43,(anonymous_2)
FNF:3
FNH:3
FNDA:6,(anonymous_0)
FNDA:1,(anonymous_1)
FNDA:1,(anonymous_2)
DA:13,2
DA:14,6
DA:16,6
DA:17,6
DA:33,1
DA:43,1
LF:6
LH:6
BRF:0
BRH:0
end_of_record
TN:
SF:src\components\SettingsPopUp\Logout\index.ts
FNF:0
FNH:0
LF:0
LH:0
BRF:0
BRH:0
end_of_record
TN:
SF:src\components\StateMessage\StateMessage.tsx
FN:11,(anonymous_0)
FNF:1
FNH:1
FNDA:8,(anonymous_0)
DA:11,5
DA:12,8
DA:14,8
LF:3
LH:3
BRDA:26,0,0,5
BRDA:26,0,1,3
BRDA:30,1,0,5
BRDA:30,1,1,3
BRF:4
BRH:4
end_of_record
TN:
SF:src\components\StateMessage\index.ts
FNF:0
FNH:0
LF:0
LH:0
BRF:0
BRH:0
end_of_record
TN:
SF:src\contexts\AppContext.ts
FNF:0
FNH:0
DA:12,20
LF:1
LH:1
BRF:0
BRH:0
end_of_record
TN:
SF:src\hooks\useAllMovies.tsx
FN:9,(anonymous_0)
FN:14,(anonymous_1)
FN:15,(anonymous_2)
FNF:3
FNH:3
FNDA:4,(anonymous_0)
FNDA:6,(anonymous_1)
FNDA:4,(anonymous_2)
DA:9,2
DA:10,4
DA:11,2
DA:14,2
DA:15,6
LF:5
LH:5
BRF:0
BRH:0
end_of_record
TN:
SF:src\hooks\useSavedMovies.tsx
FN:7,(anonymous_0)
FN:14,(anonymous_1)
FN:15,(anonymous_2)
FNF:3
FNH:3
FNDA:3,(anonymous_0)
FNDA:5,(anonymous_1)
FNDA:3,(anonymous_2)
DA:7,1
DA:10,3
DA:11,2
DA:14,1
DA:15,5
LF:5
LH:5
BRF:0
BRH:0
end_of_record
TN:
SF:src\schemas\validation.ts
FNF:0
FNH:0
DA:5,4
DA:14,4
DA:26,4
LF:3
LH:3
BRF:0
BRH:0
end_of_record
TN:
SF:src\screens\Dashboard\Dashboard.tsx
FN:12,(anonymous_0)
FN:16,(anonymous_1)
FN:21,(anonymous_2)
FNF:3
FNH:3
FNDA:1,(anonymous_0)
FNDA:1,(anonymous_1)
FNDA:1,(anonymous_2)
DA:12,1
DA:13,1
DA:16,1
DA:17,1
DA:18,1
DA:21,1
DA:22,1
DA:25,1
LF:8
LH:8
BRF:0
BRH:0
end_of_record
TN:
SF:src\screens\Home\Home.tsx
FN:10,(anonymous_0)
FNF:1
FNH:1
FNDA:1,(anonymous_0)
DA:10,1
DA:11,1
LF:2
LH:2
BRF:0
BRH:0
end_of_record
TN:
SF:src\screens\Legal\Legal.tsx
FN:8,(anonymous_0)
FNF:1
FNH:1
FNDA:1,(anonymous_0)
DA:8,1
DA:9,1
LF:2
LH:2
BRF:0
BRH:0
end_of_record
TN:
SF:src\screens\Login\Login.tsx
FN:29,(anonymous_0)
FN:39,(anonymous_1)
FN:44,(anonymous_2)
FN:64,(anonymous_3)
FN:91,(anonymous_4)
FN:118,(anonymous_5)
FN:158,(anonymous_6)
FNF:7
FNH:7
FNDA:17,(anonymous_0)
FNDA:4,(anonymous_1)
FNDA:4,(anonymous_2)
FNDA:2,(anonymous_3)
FNDA:29,(anonymous_4)
FNDA:29,(anonymous_5)
FNDA:1,(anonymous_6)
DA:29,1
DA:30,17
DA:32,17
DA:35,17
DA:39,17
DA:40,4
DA:41,4
DA:44,17
DA:48,4
DA:54,3
DA:55,2
DA:58,2
DA:61,2
DA:64,2
DA:66,2
DA:70,3
DA:74,17
DA:77,17
DA:95,29
DA:122,29
DA:158,1
LF:21
LH:21
BRDA:54,0,0,2
BRDA:54,0,1,1
BRDA:97,1,0,29
BRDA:97,1,1,12
BRDA:105,2,0,29
BRDA:105,2,1,2
BRDA:124,3,0,29
BRDA:124,3,1,12
BRDA:133,4,0,29
BRDA:133,4,1,2
BRDA:145,5,0,0
BRDA:145,5,1,17
BRDA:169,6,0,17
BRDA:169,6,1,4
BRDA:172,7,0,17
BRDA:172,7,1,2
BRF:16
BRH:15
end_of_record
TN:
SF:src\screens\Register\Register.tsx
FN:28,(anonymous_0)
FN:38,(anonymous_1)
FN:43,(anonymous_2)
FN:64,(anonymous_3)
FN:91,(anonymous_4)
FN:116,(anonymous_5)
FN:142,(anonymous_6)
FN:185,(anonymous_7)
FNF:8
FNH:8
FNDA:17,(anonymous_0)
FNDA:4,(anonymous_1)
FNDA:4,(anonymous_2)
FNDA:2,(anonymous_3)
FNDA:29,(anonymous_4)
FNDA:29,(anonymous_5)
FNDA:29,(anonymous_6)
FNDA:1,(anonymous_7)
DA:28,1
DA:29,17
DA:31,17
DA:34,17
DA:38,17
DA:39,4
DA:40,4
DA:43,17
DA:48,4
DA:55,3
DA:56,2
DA:58,2
DA:61,2
DA:64,2
DA:66,2
DA:70,3
DA:74,17
DA:76,17
DA:95,29
DA:120,29
DA:146,29
DA:185,1
LF:22
LH:22
BRDA:55,0,0,2
BRDA:55,0,1,1
BRDA:97,1,0,29
BRDA:97,1,1,12
BRDA:103,2,0,29
BRDA:103,2,1,2
BRDA:122,3,0,29
BRDA:122,3,1,12
BRDA:129,4,0,29
BRDA:129,4,1,2
BRDA:148,5,0,29
BRDA:148,5,1,12
BRDA:157,6,0,29
BRDA:157,6,1,2
BRDA:172,7,0,0
BRDA:172,7,1,17
BRDA:195,8,0,17
BRDA:195,8,1,4
BRDA:198,9,0,17
BRDA:198,9,1,2
BRF:20
BRH:19
end_of_record
TN:
SF:src\screens\SavedMovies\SavedMovies.tsx
FN:13,(anonymous_0)
FN:40,(anonymous_1)
FNF:2
FNH:2
FNDA:5,(anonymous_0)
FNDA:20,(anonymous_1)
DA:13,1
DA:14,5
DA:16,5
DA:18,5
DA:19,1
DA:22,5
DA:41,20
LF:7
LH:7
BRDA:18,0,0,1
BRDA:18,0,1,4
BRDA:30,1,0,5
BRDA:30,1,1,3
BRDA:32,2,0,5
BRDA:32,2,1,1
BRDA:32,2,2,0
BRDA:38,3,0,5
BRDA:38,3,1,1
BRDA:38,3,2,1
BRDA:44,4,0,5
BRDA:44,4,1,1
BRF:12
BRH:11
end_of_record
TN:
SF:src\screens\Settings\Settings.tsx
FN:20,(anonymous_0)
FN:35,(anonymous_1)
FN:50,(anonymous_2)
FN:66,(anonymous_3)
FN:83,(anonymous_4)
FN:102,(anonymous_5)
FNF:6
FNH:6
FNDA:9,(anonymous_0)
FNDA:1,(anonymous_1)
FNDA:1,(anonymous_2)
FNDA:1,(anonymous_3)
FNDA:1,(anonymous_4)
FNDA:1,(anonymous_5)
DA:20,1
DA:21,9
DA:23,9
DA:24,9
DA:26,9
DA:35,1
DA:50,1
DA:67,1
DA:84,1
DA:103,1
LF:10
LH:10
BRDA:119,0,0,9
BRDA:119,0,1,1
BRDA:123,1,0,9
BRDA:123,1,1,1
BRF:4
BRH:4
end_of_record
TN:
SF:src\tests\AppWrapper.tsx
FN:17,(anonymous_0)
FN:22,(anonymous_1)
FN:23,(anonymous_2)
FN:24,(anonymous_3)
FNF:4
FNH:3
FNDA:84,(anonymous_0)
FNDA:0,(anonymous_1)
FNDA:1,(anonymous_2)
FNDA:6,(anonymous_3)
DA:17,20
DA:26,84
LF:2
LH:2
BRDA:19,0,0,81
BRDA:21,1,0,84
BRDA:22,2,0,81
BRDA:23,3,0,84
BRDA:24,4,0,84
BRF:5
BRH:5
end_of_record
TN:
SF:src\tests\fakeData.ts
FNF:0
FNH:0
DA:3,8
DA:4,8
DA:6,8
DA:7,160
LF:4
LH:4
BRF:0
BRH:0
end_of_record
TN:
SF:src\tests\server.ts
FNF:0
FNH:0
DA:5,4
LF:1
LH:1
BRF:0
BRH:0
end_of_record
TN:
SF:src\tests\utils.tsx
FN:9,(anonymous_0)
FN:18,(anonymous_1)
FN:36,(anonymous_2)
FN:48,(anonymous_3)
FN:60,(anonymous_4)
FN:70,(anonymous_5)
FN:80,(anonymous_6)
FN:84,renderWithClient
FN:91,(anonymous_8)
FN:100,createWrapper
FN:102,(anonymous_10)
FNF:11
FNH:7
FNDA:2,(anonymous_0)
FNDA:0,(anonymous_1)
FNDA:2,(anonymous_2)
FNDA:2,(anonymous_3)
FNDA:2,(anonymous_4)
FNDA:46,(anonymous_5)
FNDA:4,(anonymous_6)
FNDA:46,renderWithClient
FNDA:0,(anonymous_8)
FNDA:0,createWrapper
FNDA:0,(anonymous_10)
DA:8,8
DA:10,2
DA:19,0
DA:37,2
DA:49,2
DA:61,2
DA:70,8
DA:71,46
DA:85,46
DA:86,46
DA:89,46
DA:92,0
DA:101,0
DA:102,0
DA:103,0
LF:15
LH:10
BRF:0
BRH:0
end_of_record
TN:
SF:src\utils\asyncStorage.ts
FN:4,(anonymous_0)
FN:13,(anonymous_1)
FNF:2
FNH:2
FNDA:4,(anonymous_0)
FNDA:1,(anonymous_1)
DA:4,3
DA:5,4
DA:6,4
DA:8,0
DA:13,3
DA:14,1
DA:15,1
DA:16,1
DA:17,0
DA:19,1
DA:20,1
DA:23,0
LF:12
LH:9
BRDA:16,0,0,0
BRDA:16,0,1,1
BRF:2
BRH:1
end_of_record
TN:
SF:src\utils\urlTemplate.ts
FNF:0
FNH:0
DA:2,9
LF:1
LH:1
BRF:0
BRH:0
end_of_record
